This is pdfTeX, Version 3.14159265-2.6-1.40.16 (MiKTeX 2.9 64-bit) (preloaded format=pdflatex 2015.9.16)  10 JAN 2017 20:44
entering extended mode
**Documentacion.tex
(Documentacion.tex
LaTeX2e <2015/01/01> patch level 2
Babel <3.9m> and hyphenation patterns for 69 languages loaded.
("C:\Program Files\MiKTeX 2.9\tex\latex\base\report.cls"
Document Class: report 2014/09/29 v1.4h Standard LaTeX document class
("C:\Program Files\MiKTeX 2.9\tex\latex\base\size12.clo"
File: size12.clo 2014/09/29 v1.4h Standard LaTeX file (size option)
)
\c@part=\count79
\c@chapter=\count80
\c@section=\count81
\c@subsection=\count82
\c@subsubsection=\count83
\c@paragraph=\count84
\c@subparagraph=\count85
\c@figure=\count86
\c@table=\count87
\abovecaptionskip=\skip41
\belowcaptionskip=\skip42
\bibindent=\dimen102
)
("C:\Program Files\MiKTeX 2.9\tex\latex\amsmath\amsmath.sty"
Package: amsmath 2013/01/14 v2.14 AMS math features
\@mathmargin=\skip43

For additional information on amsmath, use the `?' option.
("C:\Program Files\MiKTeX 2.9\tex\latex\amsmath\amstext.sty"
Package: amstext 2000/06/29 v2.01

("C:\Program Files\MiKTeX 2.9\tex\latex\amsmath\amsgen.sty"
File: amsgen.sty 1999/11/30 v2.0
\@emptytoks=\toks14
\ex@=\dimen103
))
("C:\Program Files\MiKTeX 2.9\tex\latex\amsmath\amsbsy.sty"
Package: amsbsy 1999/11/29 v1.2d
\pmbraise@=\dimen104
)
("C:\Program Files\MiKTeX 2.9\tex\latex\amsmath\amsopn.sty"
Package: amsopn 1999/12/14 v2.01 operator names
)
\inf@bad=\count88
LaTeX Info: Redefining \frac on input line 210.
\uproot@=\count89
\leftroot@=\count90
LaTeX Info: Redefining \overline on input line 306.
\classnum@=\count91
\DOTSCASE@=\count92
LaTeX Info: Redefining \ldots on input line 378.
LaTeX Info: Redefining \dots on input line 381.
LaTeX Info: Redefining \cdots on input line 466.
\Mathstrutbox@=\box26
\strutbox@=\box27
\big@size=\dimen105
LaTeX Font Info:    Redeclaring font encoding OML on input line 566.
LaTeX Font Info:    Redeclaring font encoding OMS on input line 567.
\macc@depth=\count93
\c@MaxMatrixCols=\count94
\dotsspace@=\muskip10
\c@parentequation=\count95
\dspbrk@lvl=\count96
\tag@help=\toks15
\row@=\count97
\column@=\count98
\maxfields@=\count99
\andhelp@=\toks16
\eqnshift@=\dimen106
\alignsep@=\dimen107
\tagshift@=\dimen108
\tagwidth@=\dimen109
\totwidth@=\dimen110
\lineht@=\dimen111
\@envbody=\toks17
\multlinegap=\skip44
\multlinetaggap=\skip45
\mathdisplay@stack=\toks18
LaTeX Info: Redefining \[ on input line 2665.
LaTeX Info: Redefining \] on input line 2666.
)
("C:\Program Files\MiKTeX 2.9\tex\latex\amsfonts\amssymb.sty"
Package: amssymb 2013/01/14 v3.01 AMS font symbols

("C:\Program Files\MiKTeX 2.9\tex\latex\amsfonts\amsfonts.sty"
Package: amsfonts 2013/01/14 v3.01 Basic AMSFonts support
\symAMSa=\mathgroup4
\symAMSb=\mathgroup5
LaTeX Font Info:    Overwriting math alphabet `\mathfrak' in version `bold'
(Font)                  U/euf/m/n --> U/euf/b/n on input line 106.
))
("C:\Program Files\MiKTeX 2.9\tex\latex\base\inputenc.sty"
Package: inputenc 2015/03/17 v1.2c Input encoding file
\inpenc@prehook=\toks19
\inpenc@posthook=\toks20

("C:\Program Files\MiKTeX 2.9\tex\latex\base\utf8.def"
File: utf8.def 2015/06/27 v1.1n UTF-8 support for inputenc
Now handling font encoding OML ...
... no UTF-8 mapping file for font encoding OML
Now handling font encoding T1 ...
... processing UTF-8 mapping file for font encoding T1

("C:\Program Files\MiKTeX 2.9\tex\latex\base\t1enc.dfu"
File: t1enc.dfu 2015/06/27 v1.1n UTF-8 support for inputenc
   defining Unicode char U+00A1 (decimal 161)
   defining Unicode char U+00A3 (decimal 163)
   defining Unicode char U+00AB (decimal 171)
   defining Unicode char U+00BB (decimal 187)
   defining Unicode char U+00BF (decimal 191)
   defining Unicode char U+00C0 (decimal 192)
   defining Unicode char U+00C1 (decimal 193)
   defining Unicode char U+00C2 (decimal 194)
   defining Unicode char U+00C3 (decimal 195)
   defining Unicode char U+00C4 (decimal 196)
   defining Unicode char U+00C5 (decimal 197)
   defining Unicode char U+00C6 (decimal 198)
   defining Unicode char U+00C7 (decimal 199)
   defining Unicode char U+00C8 (decimal 200)
   defining Unicode char U+00C9 (decimal 201)
   defining Unicode char U+00CA (decimal 202)
   defining Unicode char U+00CB (decimal 203)
   defining Unicode char U+00CC (decimal 204)
   defining Unicode char U+00CD (decimal 205)
   defining Unicode char U+00CE (decimal 206)
   defining Unicode char U+00CF (decimal 207)
   defining Unicode char U+00D0 (decimal 208)
   defining Unicode char U+00D1 (decimal 209)
   defining Unicode char U+00D2 (decimal 210)
   defining Unicode char U+00D3 (decimal 211)
   defining Unicode char U+00D4 (decimal 212)
   defining Unicode char U+00D5 (decimal 213)
   defining Unicode char U+00D6 (decimal 214)
   defining Unicode char U+00D8 (decimal 216)
   defining Unicode char U+00D9 (decimal 217)
   defining Unicode char U+00DA (decimal 218)
   defining Unicode char U+00DB (decimal 219)
   defining Unicode char U+00DC (decimal 220)
   defining Unicode char U+00DD (decimal 221)
   defining Unicode char U+00DE (decimal 222)
   defining Unicode char U+00DF (decimal 223)
   defining Unicode char U+00E0 (decimal 224)
   defining Unicode char U+00E1 (decimal 225)
   defining Unicode char U+00E2 (decimal 226)
   defining Unicode char U+00E3 (decimal 227)
   defining Unicode char U+00E4 (decimal 228)
   defining Unicode char U+00E5 (decimal 229)
   defining Unicode char U+00E6 (decimal 230)
   defining Unicode char U+00E7 (decimal 231)
   defining Unicode char U+00E8 (decimal 232)
   defining Unicode char U+00E9 (decimal 233)
   defining Unicode char U+00EA (decimal 234)
   defining Unicode char U+00EB (decimal 235)
   defining Unicode char U+00EC (decimal 236)
   defining Unicode char U+00ED (decimal 237)
   defining Unicode char U+00EE (decimal 238)
   defining Unicode char U+00EF (decimal 239)
   defining Unicode char U+00F0 (decimal 240)
   defining Unicode char U+00F1 (decimal 241)
   defining Unicode char U+00F2 (decimal 242)
   defining Unicode char U+00F3 (decimal 243)
   defining Unicode char U+00F4 (decimal 244)
   defining Unicode char U+00F5 (decimal 245)
   defining Unicode char U+00F6 (decimal 246)
   defining Unicode char U+00F8 (decimal 248)
   defining Unicode char U+00F9 (decimal 249)
   defining Unicode char U+00FA (decimal 250)
   defining Unicode char U+00FB (decimal 251)
   defining Unicode char U+00FC (decimal 252)
   defining Unicode char U+00FD (decimal 253)
   defining Unicode char U+00FE (decimal 254)
   defining Unicode char U+00FF (decimal 255)
   defining Unicode char U+0102 (decimal 258)
   defining Unicode char U+0103 (decimal 259)
   defining Unicode char U+0104 (decimal 260)
   defining Unicode char U+0105 (decimal 261)
   defining Unicode char U+0106 (decimal 262)
   defining Unicode char U+0107 (decimal 263)
   defining Unicode char U+010C (decimal 268)
   defining Unicode char U+010D (decimal 269)
   defining Unicode char U+010E (decimal 270)
   defining Unicode char U+010F (decimal 271)
   defining Unicode char U+0110 (decimal 272)
   defining Unicode char U+0111 (decimal 273)
   defining Unicode char U+0118 (decimal 280)
   defining Unicode char U+0119 (decimal 281)
   defining Unicode char U+011A (decimal 282)
   defining Unicode char U+011B (decimal 283)
   defining Unicode char U+011E (decimal 286)
   defining Unicode char U+011F (decimal 287)
   defining Unicode char U+0130 (decimal 304)
   defining Unicode char U+0131 (decimal 305)
   defining Unicode char U+0132 (decimal 306)
   defining Unicode char U+0133 (decimal 307)
   defining Unicode char U+0139 (decimal 313)
   defining Unicode char U+013A (decimal 314)
   defining Unicode char U+013D (decimal 317)
   defining Unicode char U+013E (decimal 318)
   defining Unicode char U+0141 (decimal 321)
   defining Unicode char U+0142 (decimal 322)
   defining Unicode char U+0143 (decimal 323)
   defining Unicode char U+0144 (decimal 324)
   defining Unicode char U+0147 (decimal 327)
   defining Unicode char U+0148 (decimal 328)
   defining Unicode char U+014A (decimal 330)
   defining Unicode char U+014B (decimal 331)
   defining Unicode char U+0150 (decimal 336)
   defining Unicode char U+0151 (decimal 337)
   defining Unicode char U+0152 (decimal 338)
   defining Unicode char U+0153 (decimal 339)
   defining Unicode char U+0154 (decimal 340)
   defining Unicode char U+0155 (decimal 341)
   defining Unicode char U+0158 (decimal 344)
   defining Unicode char U+0159 (decimal 345)
   defining Unicode char U+015A (decimal 346)
   defining Unicode char U+015B (decimal 347)
   defining Unicode char U+015E (decimal 350)
   defining Unicode char U+015F (decimal 351)
   defining Unicode char U+0160 (decimal 352)
   defining Unicode char U+0161 (decimal 353)
   defining Unicode char U+0162 (decimal 354)
   defining Unicode char U+0163 (decimal 355)
   defining Unicode char U+0164 (decimal 356)
   defining Unicode char U+0165 (decimal 357)
   defining Unicode char U+016E (decimal 366)
   defining Unicode char U+016F (decimal 367)
   defining Unicode char U+0170 (decimal 368)
   defining Unicode char U+0171 (decimal 369)
   defining Unicode char U+0178 (decimal 376)
   defining Unicode char U+0179 (decimal 377)
   defining Unicode char U+017A (decimal 378)
   defining Unicode char U+017B (decimal 379)
   defining Unicode char U+017C (decimal 380)
   defining Unicode char U+017D (decimal 381)
   defining Unicode char U+017E (decimal 382)
   defining Unicode char U+200C (decimal 8204)
   defining Unicode char U+2013 (decimal 8211)
   defining Unicode char U+2014 (decimal 8212)
   defining Unicode char U+2018 (decimal 8216)
   defining Unicode char U+2019 (decimal 8217)
   defining Unicode char U+201A (decimal 8218)
   defining Unicode char U+201C (decimal 8220)
   defining Unicode char U+201D (decimal 8221)
   defining Unicode char U+201E (decimal 8222)
   defining Unicode char U+2030 (decimal 8240)
   defining Unicode char U+2031 (decimal 8241)
   defining Unicode char U+2039 (decimal 8249)
   defining Unicode char U+203A (decimal 8250)
   defining Unicode char U+2423 (decimal 9251)
)
Now handling font encoding OT1 ...
... processing UTF-8 mapping file for font encoding OT1

("C:\Program Files\MiKTeX 2.9\tex\latex\base\ot1enc.dfu"
File: ot1enc.dfu 2015/06/27 v1.1n UTF-8 support for inputenc
   defining Unicode char U+00A1 (decimal 161)
   defining Unicode char U+00A3 (decimal 163)
   defining Unicode char U+00B8 (decimal 184)
   defining Unicode char U+00BF (decimal 191)
   defining Unicode char U+00C5 (decimal 197)
   defining Unicode char U+00C6 (decimal 198)
   defining Unicode char U+00D8 (decimal 216)
   defining Unicode char U+00DF (decimal 223)
   defining Unicode char U+00E6 (decimal 230)
   defining Unicode char U+00EC (decimal 236)
   defining Unicode char U+00ED (decimal 237)
   defining Unicode char U+00EE (decimal 238)
   defining Unicode char U+00EF (decimal 239)
   defining Unicode char U+00F8 (decimal 248)
   defining Unicode char U+0131 (decimal 305)
   defining Unicode char U+0141 (decimal 321)
   defining Unicode char U+0142 (decimal 322)
   defining Unicode char U+0152 (decimal 338)
   defining Unicode char U+0153 (decimal 339)
   defining Unicode char U+2013 (decimal 8211)
   defining Unicode char U+2014 (decimal 8212)
   defining Unicode char U+2018 (decimal 8216)
   defining Unicode char U+2019 (decimal 8217)
   defining Unicode char U+201C (decimal 8220)
   defining Unicode char U+201D (decimal 8221)
)
Now handling font encoding OMS ...
... processing UTF-8 mapping file for font encoding OMS

("C:\Program Files\MiKTeX 2.9\tex\latex\base\omsenc.dfu"
File: omsenc.dfu 2015/06/27 v1.1n UTF-8 support for inputenc
   defining Unicode char U+00A7 (decimal 167)
   defining Unicode char U+00B6 (decimal 182)
   defining Unicode char U+00B7 (decimal 183)
   defining Unicode char U+2020 (decimal 8224)
   defining Unicode char U+2021 (decimal 8225)
   defining Unicode char U+2022 (decimal 8226)
)
Now handling font encoding OMX ...
... no UTF-8 mapping file for font encoding OMX
Now handling font encoding U ...
... no UTF-8 mapping file for font encoding U
   defining Unicode char U+00A9 (decimal 169)
   defining Unicode char U+00AA (decimal 170)
   defining Unicode char U+00AE (decimal 174)
   defining Unicode char U+00BA (decimal 186)
   defining Unicode char U+02C6 (decimal 710)
   defining Unicode char U+02DC (decimal 732)
   defining Unicode char U+200C (decimal 8204)
   defining Unicode char U+2026 (decimal 8230)
   defining Unicode char U+2122 (decimal 8482)
   defining Unicode char U+2423 (decimal 9251)
))
("C:\Program Files\MiKTeX 2.9\tex\latex\base\fontenc.sty"
Package: fontenc 2005/09/27 v1.99g Standard LaTeX package

("C:\Program Files\MiKTeX 2.9\tex\latex\base\t1enc.def"
File: t1enc.def 2005/09/27 v1.99g Standard LaTeX file
LaTeX Font Info:    Redeclaring font encoding T1 on input line 48.
))
("C:\Program Files\MiKTeX 2.9\tex\latex\graphics\graphicx.sty"
Package: graphicx 2014/10/28 v1.0g Enhanced LaTeX Graphics (DPC,SPQR)

("C:\Program Files\MiKTeX 2.9\tex\latex\graphics\keyval.sty"
Package: keyval 2014/10/28 v1.15 key=value parser (DPC)
\KV@toks@=\toks21
)
("C:\Program Files\MiKTeX 2.9\tex\latex\graphics\graphics.sty"
Package: graphics 2014/10/28 v1.0p Standard LaTeX Graphics (DPC,SPQR)

("C:\Program Files\MiKTeX 2.9\tex\latex\graphics\trig.sty"
Package: trig 1999/03/16 v1.09 sin cos tan (DPC)
)
("C:\Program Files\MiKTeX 2.9\tex\latex\00miktex\graphics.cfg"
File: graphics.cfg 2007/01/18 v1.5 graphics configuration of teTeX/TeXLive
)
Package graphics Info: Driver file: pdftex.def on input line 94.

("C:\Program Files\MiKTeX 2.9\tex\latex\pdftex-def\pdftex.def"
File: pdftex.def 2011/05/27 v0.06d Graphics/color for pdfTeX

("C:\Program Files\MiKTeX 2.9\tex\generic\oberdiek\infwarerr.sty"
Package: infwarerr 2010/04/08 v1.3 Providing info/warning/error messages (HO)
)
("C:\Program Files\MiKTeX 2.9\tex\generic\oberdiek\ltxcmds.sty"
Package: ltxcmds 2011/11/09 v1.22 LaTeX kernel commands for general use (HO)
)
\Gread@gobject=\count100
))
\Gin@req@height=\dimen112
\Gin@req@width=\dimen113
)
("C:\Program Files\MiKTeX 2.9\tex\generic\babel\babel.sty"
Package: babel 2015/08/03 3.9m The Babel package

*************************************
* Local config file bblopts.cfg used
*
("C:\Program Files\MiKTeX 2.9\tex\latex\00miktex\bblopts.cfg"
File: bblopts.cfg 2006/07/31 v1.0 MiKTeX 'babel' configuration
)
("C:\Program Files\MiKTeX 2.9\tex\latex\babel-spanish\spanish.ldf"
Language: spanish.ldf 2014/04/24 v5.0n Spanish support from the babel system

("C:\Program Files\MiKTeX 2.9\tex\generic\babel\babel.def"
File: babel.def 2015/08/03 3.9m Babel common definitions
\babel@savecnt=\count101
\U@D=\dimen114
)
\es@quottoks=\toks22
\es@quotdepth=\count102
Package babel Info: Making " an active character on input line 516.
Package babel Info: Making . an active character on input line 617.
Package babel Info: Making < an active character on input line 662.
Package babel Info: Making > an active character on input line 662.
))
("C:\Program Files\MiKTeX 2.9\tex\latex\lettrine\lettrine.sty"
File: lettrine.sty 2015/08/31 v1.9 (Daniel Flipo)
\c@DefaultLines=\count103
\c@DefaultDepth=\count104
\DefaultFindent=\dimen115
\DefaultNindent=\dimen116
\DefaultSlope=\dimen117
\DiscardVskip=\dimen118
\L@lbox=\box28
\L@tbox=\box29
\c@L@lines=\count105
\c@L@depth=\count106
\L@Pindent=\dimen119
\L@Findent=\dimen120
\L@Nindent=\dimen121
\L@lraise=\dimen122
\L@first=\dimen123
\L@next=\dimen124
\L@slope=\dimen125
\L@height=\dimen126
\L@novskip=\dimen127
\LettrineWidth=\dimen128
\LettrineHeight=\dimen129
\LettrineDepth=\dimen130

Loading lettrine.cfg
("C:\Program Files\MiKTeX 2.9\tex\latex\lettrine\lettrine.cfg"))
("C:\Program Files\MiKTeX 2.9\tex\latex\hyperref\hyperref.sty"
Package: hyperref 2012/11/06 v6.83m Hypertext links for LaTeX

("C:\Program Files\MiKTeX 2.9\tex\generic\oberdiek\hobsub-hyperref.sty"
Package: hobsub-hyperref 2012/04/25 v1.12 Bundle oberdiek, subset hyperref (HO)


("C:\Program Files\MiKTeX 2.9\tex\generic\oberdiek\hobsub-generic.sty"
Package: hobsub-generic 2012/04/25 v1.12 Bundle oberdiek, subset generic (HO)
Package: hobsub 2012/04/25 v1.12 Construct package bundles (HO)
Package hobsub Info: Skipping package `infwarerr' (already loaded).
Package hobsub Info: Skipping package `ltxcmds' (already loaded).
Package: ifluatex 2010/03/01 v1.3 Provides the ifluatex switch (HO)
Package ifluatex Info: LuaTeX not detected.
Package: ifvtex 2010/03/01 v1.5 Detect VTeX and its facilities (HO)
Package ifvtex Info: VTeX not detected.
Package: intcalc 2007/09/27 v1.1 Expandable calculations with integers (HO)
Package: ifpdf 2011/01/30 v2.3 Provides the ifpdf switch (HO)
Package ifpdf Info: pdfTeX in PDF mode is detected.
Package: etexcmds 2011/02/16 v1.5 Avoid name clashes with e-TeX commands (HO)
Package etexcmds Info: Could not find \expanded.
(etexcmds)             That can mean that you are not using pdfTeX 1.50 or
(etexcmds)             that some package has redefined \expanded.
(etexcmds)             In the latter case, load this package earlier.
Package: kvsetkeys 2012/04/25 v1.16 Key value parser (HO)
Package: kvdefinekeys 2011/04/07 v1.3 Define keys (HO)
Package: pdftexcmds 2011/11/29 v0.20 Utility functions of pdfTeX for LuaTeX (HO
)
Package pdftexcmds Info: LuaTeX not detected.
Package pdftexcmds Info: \pdf@primitive is available.
Package pdftexcmds Info: \pdf@ifprimitive is available.
Package pdftexcmds Info: \pdfdraftmode found.
Package: pdfescape 2011/11/25 v1.13 Implements pdfTeX's escape features (HO)
Package: bigintcalc 2012/04/08 v1.3 Expandable calculations on big integers (HO
)
Package: bitset 2011/01/30 v1.1 Handle bit-vector datatype (HO)
Package: uniquecounter 2011/01/30 v1.2 Provide unlimited unique counter (HO)
)
Package hobsub Info: Skipping package `hobsub' (already loaded).
Package: letltxmacro 2010/09/02 v1.4 Let assignment for LaTeX macros (HO)
Package: hopatch 2011/06/24 v1.1 Wrapper for package hooks (HO)
Package: xcolor-patch 2011/01/30 xcolor patch
Package: atveryend 2011/06/30 v1.8 Hooks at the very end of document (HO)
Package atveryend Info: \enddocument detected (standard20110627).
Package: atbegshi 2011/10/05 v1.16 At begin shipout hook (HO)
Package: refcount 2011/10/16 v3.4 Data extraction from label references (HO)
Package: hycolor 2011/01/30 v1.7 Color options for hyperref/bookmark (HO)
)
("C:\Program Files\MiKTeX 2.9\tex\generic\ifxetex\ifxetex.sty"
Package: ifxetex 2010/09/12 v0.6 Provides ifxetex conditional
)
("C:\Program Files\MiKTeX 2.9\tex\latex\oberdiek\auxhook.sty"
Package: auxhook 2011/03/04 v1.3 Hooks for auxiliary files (HO)
)
("C:\Program Files\MiKTeX 2.9\tex\latex\oberdiek\kvoptions.sty"
Package: kvoptions 2011/06/30 v3.11 Key value format for package options (HO)
)
\@linkdim=\dimen131
\Hy@linkcounter=\count107
\Hy@pagecounter=\count108

("C:\Program Files\MiKTeX 2.9\tex\latex\hyperref\pd1enc.def"
File: pd1enc.def 2012/11/06 v6.83m Hyperref: PDFDocEncoding definition (HO)
Now handling font encoding PD1 ...
... no UTF-8 mapping file for font encoding PD1
)
\Hy@SavedSpaceFactor=\count109

("C:\Program Files\MiKTeX 2.9\tex\latex\00miktex\hyperref.cfg"
File: hyperref.cfg 2002/06/06 v1.2 hyperref configuration of TeXLive
)
Package hyperref Info: Hyper figures OFF on input line 4443.
Package hyperref Info: Link nesting OFF on input line 4448.
Package hyperref Info: Hyper index ON on input line 4451.
Package hyperref Info: Plain pages OFF on input line 4458.
Package hyperref Info: Backreferencing OFF on input line 4463.
Package hyperref Info: Implicit mode ON; LaTeX internals redefined.
Package hyperref Info: Bookmarks ON on input line 4688.
\c@Hy@tempcnt=\count110

("C:\Program Files\MiKTeX 2.9\tex\latex\url\url.sty"
\Urlmuskip=\muskip11
Package: url 2013/09/16  ver 3.4  Verb mode for urls, etc.
)
LaTeX Info: Redefining \url on input line 5041.
\XeTeXLinkMargin=\dimen132
\Fld@menulength=\count111
\Field@Width=\dimen133
\Fld@charsize=\dimen134
Package hyperref Info: Hyper figures OFF on input line 6295.
Package hyperref Info: Link nesting OFF on input line 6300.
Package hyperref Info: Hyper index ON on input line 6303.
Package hyperref Info: backreferencing OFF on input line 6310.
Package hyperref Info: Link coloring OFF on input line 6315.
Package hyperref Info: Link coloring with OCG OFF on input line 6320.
Package hyperref Info: PDF/A mode OFF on input line 6325.
LaTeX Info: Redefining \ref on input line 6365.
LaTeX Info: Redefining \pageref on input line 6369.
\Hy@abspage=\count112
\c@Item=\count113
\c@Hfootnote=\count114
)

Package hyperref Message: Driver (autodetected): hpdftex.

("C:\Program Files\MiKTeX 2.9\tex\latex\hyperref\hpdftex.def"
File: hpdftex.def 2012/11/06 v6.83m Hyperref driver for pdfTeX
\Fld@listcount=\count115
\c@bookmark@seq@number=\count116

("C:\Program Files\MiKTeX 2.9\tex\latex\oberdiek\rerunfilecheck.sty"
Package: rerunfilecheck 2011/04/15 v1.7 Rerun checks for auxiliary files (HO)
Package uniquecounter Info: New unique counter `rerunfilecheck' on input line 2
82.
)
\Hy@SectionHShift=\skip46
)
("C:\Program Files\MiKTeX 2.9\tex\latex\fancyhdr\fancyhdr.sty"
\fancy@headwidth=\skip47
\f@ncyO@elh=\skip48
\f@ncyO@erh=\skip49
\f@ncyO@olh=\skip50
\f@ncyO@orh=\skip51
\f@ncyO@elf=\skip52
\f@ncyO@erf=\skip53
\f@ncyO@olf=\skip54
\f@ncyO@orf=\skip55
)
("C:\Program Files\MiKTeX 2.9\tex\latex\listings\listings.sty"
\lst@mode=\count117
\lst@gtempboxa=\box30
\lst@token=\toks23
\lst@length=\count118
\lst@currlwidth=\dimen135
\lst@column=\count119
\lst@pos=\count120
\lst@lostspace=\dimen136
\lst@width=\dimen137
\lst@newlines=\count121
\lst@lineno=\count122
\lst@maxwidth=\dimen138

("C:\Program Files\MiKTeX 2.9\tex\latex\listings\lstmisc.sty"
File: lstmisc.sty 2015/06/04 1.6 (Carsten Heinz)
\c@lstnumber=\count123
\lst@skipnumbers=\count124
\lst@framebox=\box31
)
("C:\Program Files\MiKTeX 2.9\tex\latex\listings\listings.cfg"
File: listings.cfg 2015/06/04 1.6 listings configuration
))
Package: listings 2015/06/04 1.6 (Carsten Heinz)

("C:\Program Files\MiKTeX 2.9\tex\latex\fancybox\fancybox.sty"
Package: fancybox 2010/05/15 1.4

Style option: `fancybox' v1.4 <2010/05/15> (tvz)
\@fancybox=\box32
\shadowsize=\dimen139
\@Sbox=\box33
\do@VerbBox=\toks24
\the@fancyput=\toks25
\this@fancyput=\toks26
\EndVerbatimTokens=\toks27
\Verbatim@Outfile=\write3
\Verbatim@Infile=\read1
) ("C:\Program Files\MiKTeX 2.9\tex\latex\float\float.sty"
Package: float 2001/11/08 v1.3d Float enhancements (AL)
\c@float@type=\count125
\float@exts=\toks28
\float@box=\box34
\@float@everytoks=\toks29
\@floatcapt=\box35
)
\c@ejemplo=\count126
\c@defi=\count127

("C:\Program Files\MiKTeX 2.9\tex\latex\graphics\lscape.sty"
Package: lscape 2000/10/22 v3.01 Landscape Pages (DPC)
)
("C:\Program Files\MiKTeX 2.9\tex\latex\graphics\color.sty"
Package: color 2014/10/28 v1.1a Standard LaTeX Color (DPC)

("C:\Program Files\MiKTeX 2.9\tex\latex\00miktex\color.cfg"
File: color.cfg 2007/01/18 v1.5 color configuration of teTeX/TeXLive
)
Package color Info: Driver file: pdftex.def on input line 142.
)
("C:\Program Files\MiKTeX 2.9\tex\latex\appendix\appendix.sty"
Package: appendix 2009/09/02 v1.2b extra appendix facilities
\c@@pps=\count128
\c@@ppsavesec=\count129
\c@@ppsaveapp=\count130
)
("C:\Program Files\MiKTeX 2.9\tex\latex\tools\longtable.sty"
Package: longtable 2014/10/28 v4.11 Multi-page Table package (DPC)
\LTleft=\skip56
\LTright=\skip57
\LTpre=\skip58
\LTpost=\skip59
\LTchunksize=\count131
\LTcapwidth=\dimen140
\LT@head=\box36
\LT@firsthead=\box37
\LT@foot=\box38
\LT@lastfoot=\box39
\LT@cols=\count132
\LT@rows=\count133
\c@LT@tables=\count134
\c@LT@chunks=\count135
\LT@p@ftn=\toks30
)
("C:\Program Files\MiKTeX 2.9\tex\latex\multirow\multirow.sty"
\bigstrutjot=\dimen141
)
("C:\Program Files\MiKTeX 2.9\tex\latex\tools\array.sty"
Package: array 2014/10/28 v2.4c Tabular extension package (FMi)
\col@sep=\dimen142
\extrarowheight=\dimen143
\NC@list=\toks31
\extratabsurround=\skip60
\backup@length=\skip61
) (Documentacion.aux
LaTeX Info: Redefining \. on input line 27.
LaTeX Info: Redefining \% on input line 27.


LaTeX Warning: Label `tabla: TABLA CE Actividades' multiply defined.


LaTeX Warning: Label `tabla: TABLA CE Productos' multiply defined.


LaTeX Warning: Label `tabla: TABLA CE Cambios Seg' multiply defined.


LaTeX Warning: Label `tabla: TABLA CE de nuevos riesgos Seg' multiply defined.


LaTeX Warning: Label `tabla: TABLA CE Resumen' multiply defined.


LaTeX Warning: Label `tabla: TABLA CE Actividades' multiply defined.


LaTeX Warning: Label `tabla: TABLA CE Productos' multiply defined.


LaTeX Warning: Label `tabla: TABLA CE Cambios Seg' multiply defined.


LaTeX Warning: Label `tabla: TABLA CE de nuevos riesgos Seg' multiply defined.


LaTeX Warning: Label `tabla: TABLA CE Resumen' multiply defined.

)
LaTeX Font Info:    Checking defaults for OML/cmm/m/it on input line 49.
LaTeX Font Info:    ... okay on input line 49.
LaTeX Font Info:    Checking defaults for T1/cmr/m/n on input line 49.
LaTeX Font Info:    ... okay on input line 49.
LaTeX Font Info:    Checking defaults for OT1/cmr/m/n on input line 49.
LaTeX Font Info:    ... okay on input line 49.
LaTeX Font Info:    Checking defaults for OMS/cmsy/m/n on input line 49.
LaTeX Font Info:    ... okay on input line 49.
LaTeX Font Info:    Checking defaults for OMX/cmex/m/n on input line 49.
LaTeX Font Info:    ... okay on input line 49.
LaTeX Font Info:    Checking defaults for U/cmr/m/n on input line 49.
LaTeX Font Info:    ... okay on input line 49.
LaTeX Font Info:    Checking defaults for PD1/pdf/m/n on input line 49.
LaTeX Font Info:    ... okay on input line 49.
 ("C:\Program Files\MiKTeX 2.9\tex\context\base\supp-pdf.mkii"
[Loading MPS to PDF converter (version 2006.09.02).]
\scratchcounter=\count136
\scratchdimen=\dimen144
\scratchbox=\box40
\nofMPsegments=\count137
\nofMParguments=\count138
\everyMPshowfont=\toks32
\MPscratchCnt=\count139
\MPscratchDim=\dimen145
\MPnumerator=\count140
\makeMPintoPDFobject=\count141
\everyMPtoPDFconversion=\toks33
)
LaTeX Info: Redefining \. on input line 49.
LaTeX Info: Redefining \% on input line 49.
\AtBeginShipoutBox=\box41
Package hyperref Info: Link coloring OFF on input line 49.
 ("C:\Program Files\MiKTeX 2.9\tex\latex\hyperref\nameref.sty"
Package: nameref 2012/10/27 v2.43 Cross-referencing by name of section

("C:\Program Files\MiKTeX 2.9\tex\generic\oberdiek\gettitlestring.sty"
Package: gettitlestring 2010/12/03 v1.4 Cleanup title references (HO)
)
\c@section@level=\count142
)
LaTeX Info: Redefining \ref on input line 49.
LaTeX Info: Redefining \pageref on input line 49.
LaTeX Info: Redefining \nameref on input line 49.

(Documentacion.out) (Documentacion.out)
\@outlinefile=\write4
\c@lstlisting=\count143
Package babel Info: Redefining spanish shorthand <<
(babel)             in language  on input line 74.
Package babel Info: Redefining spanish shorthand >>
(babel)             in language  on input line 74.
Package babel Info: Redefining spanish shorthand "=
(babel)             in language  on input line 74.
Package babel Info: Redefining spanish shorthand "~
(babel)             in language  on input line 74.
Package babel Info: Redefining spanish shorthand "!
(babel)             in language  on input line 74.
Package babel Info: Redefining spanish shorthand "?
(babel)             in language  on input line 74.
LaTeX Font Info:    Try loading font information for U+msa on input line 100.

("C:\Program Files\MiKTeX 2.9\tex\latex\amsfonts\umsa.fd"
File: umsa.fd 2013/01/14 v3.01 AMS symbols A
)
LaTeX Font Info:    Try loading font information for U+msb on input line 100.

("C:\Program Files\MiKTeX 2.9\tex\latex\amsfonts\umsb.fd"
File: umsb.fd 2013/01/14 v3.01 AMS symbols B
)
Overfull \hbox (17.48576pt too wide) in alignment at lines 98--102
 [] [] [] 
 []


Overfull \hbox (17.48576pt too wide) in alignment at lines 102--106
 [] [] [] 
 []


Overfull \hbox (17.48576pt too wide) in alignment at lines 106--108
 [] [] [] 
 []


Overfull \hbox (17.48576pt too wide) in alignment at lines 108--110
 [] [] [] 
 []


Overfull \hbox (17.48576pt too wide) in alignment at lines 110--120
 [] [] [] 
 []


Overfull \hbox (1.14487pt too wide) in paragraph at lines 131--131
[]|\T1/cmr/bx/n/12 ID| 
 []


Underfull \hbox (badness 10000) in paragraph at lines 131--131
[]|\T1/cmr/bx/n/12 Fecha de
 []


Underfull \hbox (badness 10000) in paragraph at lines 131--132
[]|\T1/cmr/bx/n/12 Estado
 []


Underfull \hbox (badness 10000) in paragraph at lines 131--132
\T1/cmr/bx/n/12 (Ini-cia-do/
 []


Underfull \hbox (badness 10000) in paragraph at lines 131--132
\T1/cmr/bx/n/12 Ter-mi-na-do/
 []


Underfull \hbox (badness 10000) in paragraph at lines 135--135
[]|\T1/cmr/m/n/10.95 Investigación
 []


Underfull \hbox (badness 10000) in paragraph at lines 135--135
\T1/cmr/m/n/10.95 de Mé-to-dos
 []


Underfull \hbox (badness 1888) in paragraph at lines 135--135
\T1/cmr/m/n/10.95 nu-mé-ri-cos pa-
 []


Underfull \hbox (badness 10000) in paragraph at lines 135--135
\T1/cmr/m/n/10.95 de sis-te-mas
 []


Underfull \hbox (badness 5622) in paragraph at lines 135--135
\T1/cmr/m/n/10.95 de ecua-cio-nes
 []


Underfull \hbox (badness 10000) in paragraph at lines 139--139
[]|\T1/cmr/m/n/10.95 Construcción
 []


Underfull \hbox (badness 10000) in paragraph at lines 139--139
\T1/cmr/m/n/10.95 de Mé-to-dos
 []


Underfull \hbox (badness 1888) in paragraph at lines 139--139
\T1/cmr/m/n/10.95 nu-mé-ri-cos pa-
 []


Underfull \hbox (badness 10000) in paragraph at lines 139--139
\T1/cmr/m/n/10.95 de sis-te-mas
 []


Underfull \hbox (badness 5622) in paragraph at lines 139--139
\T1/cmr/m/n/10.95 de ecua-cio-nes
 []


Underfull \hbox (badness 1616) in paragraph at lines 145--145
[]|\T1/cmr/m/n/10.95 Integración fi-
 []


Underfull \hbox (badness 10000) in paragraph at lines 149--149
[]|\T1/cmr/m/n/10.95 Verificar las
 []


Underfull \hbox (badness 3068) in paragraph at lines 149--149
\T1/cmr/m/n/10.95 pro-pues-tas de
 []


Underfull \hbox (badness 10000) in paragraph at lines 149--149
\T1/cmr/m/n/10.95 do-cu-men-ta-
 []


Overfull \hbox (69.60358pt too wide) in paragraph at lines 129--153
 [][] 
 []

LaTeX Info: Redefining \. on input line 155.
LaTeX Info: Redefining \% on input line 155.

Package Fancyhdr Warning: \headheight is too small (12.0pt): 
 Make it at least 14.61858pt.
 We now make it that large for the rest of the document.
 This may cause the page layout to be inconsistent, however.

Package babel Info: Redefining spanish shorthand <<
(babel)             in language  on input line 155.
Package babel Info: Redefining spanish shorthand >>
(babel)             in language  on input line 155.
Package babel Info: Redefining spanish shorthand "=
(babel)             in language  on input line 155.
Package babel Info: Redefining spanish shorthand "~
(babel)             in language  on input line 155.
Package babel Info: Redefining spanish shorthand "!
(babel)             in language  on input line 155.
Package babel Info: Redefining spanish shorthand "?
(babel)             in language  on input line 155.
Package babel Info: Redefining spanish shorthand <<
(babel)             in language  on input line 155.
Package babel Info: Redefining spanish shorthand >>
(babel)             in language  on input line 155.
Package babel Info: Redefining spanish shorthand "=
(babel)             in language  on input line 155.
Package babel Info: Redefining spanish shorthand "~
(babel)             in language  on input line 155.
Package babel Info: Redefining spanish shorthand "!
(babel)             in language  on input line 155.
Package babel Info: Redefining spanish shorthand "?
(babel)             in language  on input line 155.
[26{C:/Users/GENESIS/AppData/Local/MiKTeX/2.9/pdftex/config/pdftex.map}

]
Overfull \hbox (5.64935pt too wide) in paragraph at lines 168--168
[]|\T1/cmr/bx/n/12 Impacto| 
 []


Underfull \hbox (badness 10000) in paragraph at lines 168--169
[]|\T1/cmr/bx/n/12 Estado
 []


Underfull \hbox (badness 5970) in paragraph at lines 171--171
[]|\T1/cmr/m/n/10.95 Errores no
 []


Underfull \hbox (badness 10000) in paragraph at lines 171--171
\T1/cmr/m/n/10.95 iden-ti-fi-ca-
 []


Underfull \hbox (badness 1242) in paragraph at lines 171--171
\T1/cmr/m/n/10.95 gu-nos erro-res aun sin
 []


Underfull \hbox (badness 1019) in paragraph at lines 171--171
\T1/cmr/m/n/10.95 iden-ti-fi-car, se co-rre el
 []


Underfull \hbox (badness 1168) in paragraph at lines 171--171
\T1/cmr/m/n/10.95 ries-go de que so-lu-cio-
 []


Overfull \hbox (70.73851pt too wide) in paragraph at lines 166--176
[][]
 []

LaTeX Info: Redefining \. on input line 177.
LaTeX Info: Redefining \% on input line 177.
Package babel Info: Redefining spanish shorthand <<
(babel)             in language  on input line 177.
Package babel Info: Redefining spanish shorthand >>
(babel)             in language  on input line 177.
Package babel Info: Redefining spanish shorthand "=
(babel)             in language  on input line 177.
Package babel Info: Redefining spanish shorthand "~
(babel)             in language  on input line 177.
Package babel Info: Redefining spanish shorthand "!
(babel)             in language  on input line 177.
Package babel Info: Redefining spanish shorthand "?
(babel)             in language  on input line 177.
Package babel Info: Redefining spanish shorthand <<
(babel)             in language  on input line 177.
Package babel Info: Redefining spanish shorthand >>
(babel)             in language  on input line 177.
Package babel Info: Redefining spanish shorthand "=
(babel)             in language  on input line 177.
Package babel Info: Redefining spanish shorthand "~
(babel)             in language  on input line 177.
Package babel Info: Redefining spanish shorthand "!
(babel)             in language  on input line 177.
Package babel Info: Redefining spanish shorthand "?
(babel)             in language  on input line 177.
[27]
LaTeX Info: Redefining \. on input line 181.
LaTeX Info: Redefining \% on input line 181.
Package babel Info: Redefining spanish shorthand <<
(babel)             in language  on input line 181.
Package babel Info: Redefining spanish shorthand >>
(babel)             in language  on input line 181.
Package babel Info: Redefining spanish shorthand "=
(babel)             in language  on input line 181.
Package babel Info: Redefining spanish shorthand "~
(babel)             in language  on input line 181.
Package babel Info: Redefining spanish shorthand "!
(babel)             in language  on input line 181.
Package babel Info: Redefining spanish shorthand "?
(babel)             in language  on input line 181.
Package babel Info: Redefining spanish shorthand <<
(babel)             in language  on input line 181.
Package babel Info: Redefining spanish shorthand >>
(babel)             in language  on input line 181.
Package babel Info: Redefining spanish shorthand "=
(babel)             in language  on input line 181.
Package babel Info: Redefining spanish shorthand "~
(babel)             in language  on input line 181.
Package babel Info: Redefining spanish shorthand "!
(babel)             in language  on input line 181.
Package babel Info: Redefining spanish shorthand "?
(babel)             in language  on input line 181.
 [28]
Package babel Info: Redefining spanish shorthand <<
(babel)             in language  on input line 183.
Package babel Info: Redefining spanish shorthand >>
(babel)             in language  on input line 183.
Package babel Info: Redefining spanish shorthand "=
(babel)             in language  on input line 183.
Package babel Info: Redefining spanish shorthand "~
(babel)             in language  on input line 183.
Package babel Info: Redefining spanish shorthand "!
(babel)             in language  on input line 183.
Package babel Info: Redefining spanish shorthand "?
(babel)             in language  on input line 183.

Overfull \hbox (60.79132pt too wide) in paragraph at lines 187--190
 [][] 
 []


Underfull \hbox (badness 10000) in paragraph at lines 202--202
[]|\T1/cmr/bx/n/10.95 Tiempo
 []


Underfull \hbox (badness 10000) in paragraph at lines 204--204
[]|\T1/cmr/m/n/12 Investigación pa-ra la
 []


Overfull \hbox (10.67027pt too wide) in paragraph at lines 204--204
[]|\T1/cmr/m/n/12 Finalizado| 
 []


Underfull \hbox (badness 4518) in paragraph at lines 208--208
[]|\T1/cmr/m/n/12 Utilizar me-ta-pro-gra-ma-
 []


Underfull \hbox (badness 1460) in paragraph at lines 208--209
\T1/cmr/m/n/10.95 pro-gra-ma-ción ge-né-ri-ca al
 []


Overfull \hbox (70.73851pt too wide) in paragraph at lines 200--215
[][]
 []


Overfull \hbox (58.33853pt too wide) in alignment at lines 224--228
 [] [] [] [] 
 []


Overfull \hbox (58.33853pt too wide) in alignment at lines 228--233
 [] [] [] [] 
 []


Overfull \hbox (58.33853pt too wide) in alignment at lines 233--235
 [] [] [] [] 
 []


Overfull \hbox (58.33853pt too wide) in alignment at lines 235--237
 [] [] [] [] 
 []


Overfull \hbox (58.33853pt too wide) in alignment at lines 237--247
 [] [] [] [] 
 []


Underfull \vbox (badness 10000) detected at line 247
 []

LaTeX Info: Redefining \. on input line 249.
LaTeX Info: Redefining \% on input line 249.
Package babel Info: Redefining spanish shorthand <<
(babel)             in language  on input line 249.
Package babel Info: Redefining spanish shorthand >>
(babel)             in language  on input line 249.
Package babel Info: Redefining spanish shorthand "=
(babel)             in language  on input line 249.
Package babel Info: Redefining spanish shorthand "~
(babel)             in language  on input line 249.
Package babel Info: Redefining spanish shorthand "!
(babel)             in language  on input line 249.
Package babel Info: Redefining spanish shorthand "?
(babel)             in language  on input line 249.
Package babel Info: Redefining spanish shorthand <<
(babel)             in language  on input line 249.
Package babel Info: Redefining spanish shorthand >>
(babel)             in language  on input line 249.
Package babel Info: Redefining spanish shorthand "=
(babel)             in language  on input line 249.
Package babel Info: Redefining spanish shorthand "~
(babel)             in language  on input line 249.
Package babel Info: Redefining spanish shorthand "!
(babel)             in language  on input line 249.
Package babel Info: Redefining spanish shorthand "?
(babel)             in language  on input line 249.
[29]
Overfull \hbox (1.14487pt too wide) in paragraph at lines 258--258
[]|\T1/cmr/bx/n/12 ID| 
 []


Overfull \hbox (45.93852pt too wide) in paragraph at lines 256--272
[][]
 []


Overfull \hbox (1.14487pt too wide) in paragraph at lines 284--284
[]|\T1/cmr/bx/n/12 ID| 
 []


Underfull \hbox (badness 10000) in paragraph at lines 287--287
[]|\T1/cmr/m/n/10.95 Todos los
 []


Underfull \hbox (badness 2564) in paragraph at lines 287--287
[]|\T1/cmr/m/n/10.95 Se pla-nea ac-tua-li-zar las
 []


Underfull \hbox (badness 10000) in paragraph at lines 287--287
\T1/cmr/m/n/10.95 fun-cio-nes cons-trui-das,
 []


Underfull \hbox (badness 1430) in paragraph at lines 287--287
\T1/cmr/m/n/10.95 usan-do pro-gra-ma-ción ge-
 []


Overfull \hbox (70.73851pt too wide) in paragraph at lines 282--292
[][]
 []


Underfull \hbox (badness 10000) in paragraph at lines 305--306
[]|\T1/cmr/bx/n/12 Estado
 []


Overfull \hbox (70.73851pt too wide) in paragraph at lines 303--313
[][]
 []


Overfull \hbox (74.39131pt too wide) in paragraph at lines 321--336
[][]
 []

LaTeX Info: Redefining \. on input line 340.
LaTeX Info: Redefining \% on input line 340.
Package babel Info: Redefining spanish shorthand <<
(babel)             in language  on input line 340.
Package babel Info: Redefining spanish shorthand >>
(babel)             in language  on input line 340.
Package babel Info: Redefining spanish shorthand "=
(babel)             in language  on input line 340.
Package babel Info: Redefining spanish shorthand "~
(babel)             in language  on input line 340.
Package babel Info: Redefining spanish shorthand "!
(babel)             in language  on input line 340.
Package babel Info: Redefining spanish shorthand "?
(babel)             in language  on input line 340.
Package babel Info: Redefining spanish shorthand <<
(babel)             in language  on input line 340.
Package babel Info: Redefining spanish shorthand >>
(babel)             in language  on input line 340.
Package babel Info: Redefining spanish shorthand "=
(babel)             in language  on input line 340.
Package babel Info: Redefining spanish shorthand "~
(babel)             in language  on input line 340.
Package babel Info: Redefining spanish shorthand "!
(babel)             in language  on input line 340.
Package babel Info: Redefining spanish shorthand "?
(babel)             in language  on input line 340.
[30]
Package babel Info: Redefining spanish shorthand <<
(babel)             in language  on input line 344.
Package babel Info: Redefining spanish shorthand >>
(babel)             in language  on input line 344.
Package babel Info: Redefining spanish shorthand "=
(babel)             in language  on input line 344.
Package babel Info: Redefining spanish shorthand "~
(babel)             in language  on input line 344.
Package babel Info: Redefining spanish shorthand "!
(babel)             in language  on input line 344.
Package babel Info: Redefining spanish shorthand "?
(babel)             in language  on input line 344.

Overfull \hbox (60.79132pt too wide) in paragraph at lines 349--352
[]  
 []


Underfull \hbox (badness 10000) in paragraph at lines 364--364
[]|\T1/cmr/bx/n/10.95 Tiempo
 []


Overfull \hbox (10.67027pt too wide) in paragraph at lines 366--366
[]|\T1/cmr/m/n/12 Finalizado| 
 []


Overfull \hbox (10.67027pt too wide) in paragraph at lines 368--368
[]|\T1/cmr/m/n/12 Finalizado| 
 []


Overfull \hbox (10.67027pt too wide) in paragraph at lines 370--370
[]|\T1/cmr/m/n/12 Finalizado| 
 []


Overfull \hbox (6.26721pt too wide) in paragraph at lines 372--372
[]|\T1/cmr/m/n/12 finalizado| 
 []


Overfull \hbox (7.7336pt too wide) in paragraph at lines 374--374
[]|\T1/cmr/m/n/12 Pendiente| 
 []


Overfull \hbox (70.73851pt too wide) in paragraph at lines 362--381
[][]
 []


Overfull \hbox (58.33853pt too wide) in alignment at lines 389--393
 [] [] [] [] 
 []


Overfull \hbox (58.33853pt too wide) in alignment at lines 393--398
 [] [] [] [] 
 []


Overfull \hbox (58.33853pt too wide) in alignment at lines 398--400
 [] [] [] [] 
 []


Overfull \hbox (58.33853pt too wide) in alignment at lines 400--402
 [] [] [] [] 
 []


Underfull \hbox (badness 1270) in paragraph at lines 409--409
[]|\T1/cmr/m/n/10.95 Cambios del có-di-go usan-do
 []


Overfull \hbox (58.33853pt too wide) in alignment at lines 402--416
 [] [] [] [] 
 []


Underfull \vbox (badness 10000) detected at line 416
 []


Overfull \hbox (1.14487pt too wide) in paragraph at lines 425--425
[]|\T1/cmr/bx/n/12 ID| 
 []


Overfull \hbox (45.93852pt too wide) in paragraph at lines 423--460
[][]
 []

LaTeX Info: Redefining \. on input line 461.
LaTeX Info: Redefining \% on input line 461.
Package babel Info: Redefining spanish shorthand <<
(babel)             in language  on input line 461.
Package babel Info: Redefining spanish shorthand >>
(babel)             in language  on input line 461.
Package babel Info: Redefining spanish shorthand "=
(babel)             in language  on input line 461.
Package babel Info: Redefining spanish shorthand "~
(babel)             in language  on input line 461.
Package babel Info: Redefining spanish shorthand "!
(babel)             in language  on input line 461.
Package babel Info: Redefining spanish shorthand "?
(babel)             in language  on input line 461.
Package babel Info: Redefining spanish shorthand <<
(babel)             in language  on input line 461.
Package babel Info: Redefining spanish shorthand >>
(babel)             in language  on input line 461.
Package babel Info: Redefining spanish shorthand "=
(babel)             in language  on input line 461.
Package babel Info: Redefining spanish shorthand "~
(babel)             in language  on input line 461.
Package babel Info: Redefining spanish shorthand "!
(babel)             in language  on input line 461.
Package babel Info: Redefining spanish shorthand "?
(babel)             in language  on input line 461.
[31]
Overfull \hbox (1.14487pt too wide) in paragraph at lines 471--471
[]|\T1/cmr/bx/n/12 ID| 
 []


Underfull \hbox (badness 10000) in paragraph at lines 474--474
[]|\T1/cmr/m/n/10.95 Todos los
 []


Underfull \hbox (badness 2564) in paragraph at lines 474--474
[]|\T1/cmr/m/n/10.95 Se pla-nea ac-tua-li-zar las
 []


Underfull \hbox (badness 10000) in paragraph at lines 474--474
\T1/cmr/m/n/10.95 fun-cio-nes cons-trui-das,
 []


Underfull \hbox (badness 1430) in paragraph at lines 474--474
\T1/cmr/m/n/10.95 usan-do pro-gra-ma-ción ge-
 []


Overfull \hbox (70.73851pt too wide) in paragraph at lines 469--479
[][]
 []


Underfull \hbox (badness 10000) in paragraph at lines 490--491
[]|\T1/cmr/bx/n/12 Estado
 []


Overfull \hbox (70.73851pt too wide) in paragraph at lines 488--498
[][]
 []

LaTeX Info: Redefining \. on input line 499.
LaTeX Info: Redefining \% on input line 499.
Package babel Info: Redefining spanish shorthand <<
(babel)             in language  on input line 499.
Package babel Info: Redefining spanish shorthand >>
(babel)             in language  on input line 499.
Package babel Info: Redefining spanish shorthand "=
(babel)             in language  on input line 499.
Package babel Info: Redefining spanish shorthand "~
(babel)             in language  on input line 499.
Package babel Info: Redefining spanish shorthand "!
(babel)             in language  on input line 499.
Package babel Info: Redefining spanish shorthand "?
(babel)             in language  on input line 499.
Package babel Info: Redefining spanish shorthand <<
(babel)             in language  on input line 499.
Package babel Info: Redefining spanish shorthand >>
(babel)             in language  on input line 499.
Package babel Info: Redefining spanish shorthand "=
(babel)             in language  on input line 499.
Package babel Info: Redefining spanish shorthand "~
(babel)             in language  on input line 499.
Package babel Info: Redefining spanish shorthand "!
(babel)             in language  on input line 499.
Package babel Info: Redefining spanish shorthand "?
(babel)             in language  on input line 499.
[32]
Overfull \hbox (74.39131pt too wide) in paragraph at lines 506--521
[][]
 []

LaTeX Info: Redefining \. on input line 525.
LaTeX Info: Redefining \% on input line 525.
Package babel Info: Redefining spanish shorthand <<
(babel)             in language  on input line 525.
Package babel Info: Redefining spanish shorthand >>
(babel)             in language  on input line 525.
Package babel Info: Redefining spanish shorthand "=
(babel)             in language  on input line 525.
Package babel Info: Redefining spanish shorthand "~
(babel)             in language  on input line 525.
Package babel Info: Redefining spanish shorthand "!
(babel)             in language  on input line 525.
Package babel Info: Redefining spanish shorthand "?
(babel)             in language  on input line 525.
Package babel Info: Redefining spanish shorthand <<
(babel)             in language  on input line 525.
Package babel Info: Redefining spanish shorthand >>
(babel)             in language  on input line 525.
Package babel Info: Redefining spanish shorthand "=
(babel)             in language  on input line 525.
Package babel Info: Redefining spanish shorthand "~
(babel)             in language  on input line 525.
Package babel Info: Redefining spanish shorthand "!
(babel)             in language  on input line 525.
Package babel Info: Redefining spanish shorthand "?
(babel)             in language  on input line 525.
[33]
Package babel Info: Redefining spanish shorthand <<
(babel)             in language  on input line 528.
Package babel Info: Redefining spanish shorthand >>
(babel)             in language  on input line 528.
Package babel Info: Redefining spanish shorthand "=
(babel)             in language  on input line 528.
Package babel Info: Redefining spanish shorthand "~
(babel)             in language  on input line 528.
Package babel Info: Redefining spanish shorthand "!
(babel)             in language  on input line 528.
Package babel Info: Redefining spanish shorthand "?
(babel)             in language  on input line 528.

Overfull \hbox (60.79132pt too wide) in paragraph at lines 532--535
 [][] 
 []


Underfull \hbox (badness 10000) in paragraph at lines 547--547
[]|\T1/cmr/bx/n/10.95 Tiempo
 []


Overfull \hbox (10.67027pt too wide) in paragraph at lines 549--549
[]|\T1/cmr/m/n/12 Finalizado| 
 []


Overfull \hbox (70.73851pt too wide) in paragraph at lines 545--556
[][]
 []


Overfull \hbox (58.33853pt too wide) in alignment at lines 565--569
 [] [] [] [] 
 []


Overfull \hbox (58.33853pt too wide) in alignment at lines 569--574
 [] [] [] [] 
 []


Overfull \hbox (58.33853pt too wide) in alignment at lines 574--576
 [] [] [] [] 
 []


Overfull \hbox (58.33853pt too wide) in alignment at lines 576--578
 [] [] [] [] 
 []


Overfull \hbox (58.33853pt too wide) in alignment at lines 578--586
 [] [] [] [] 
 []


Underfull \vbox (badness 10000) detected at line 586
 []

LaTeX Info: Redefining \. on input line 588.
LaTeX Info: Redefining \% on input line 588.
Package babel Info: Redefining spanish shorthand <<
(babel)             in language  on input line 588.
Package babel Info: Redefining spanish shorthand >>
(babel)             in language  on input line 588.
Package babel Info: Redefining spanish shorthand "=
(babel)             in language  on input line 588.
Package babel Info: Redefining spanish shorthand "~
(babel)             in language  on input line 588.
Package babel Info: Redefining spanish shorthand "!
(babel)             in language  on input line 588.
Package babel Info: Redefining spanish shorthand "?
(babel)             in language  on input line 588.
Package babel Info: Redefining spanish shorthand <<
(babel)             in language  on input line 588.
Package babel Info: Redefining spanish shorthand >>
(babel)             in language  on input line 588.
Package babel Info: Redefining spanish shorthand "=
(babel)             in language  on input line 588.
Package babel Info: Redefining spanish shorthand "~
(babel)             in language  on input line 588.
Package babel Info: Redefining spanish shorthand "!
(babel)             in language  on input line 588.
Package babel Info: Redefining spanish shorthand "?
(babel)             in language  on input line 588.
[34]
Overfull \hbox (1.14487pt too wide) in paragraph at lines 597--597
[]|\T1/cmr/bx/n/12 ID| 
 []


Overfull \hbox (45.93852pt too wide) in paragraph at lines 595--632
[][]
 []


Overfull \hbox (1.14487pt too wide) in paragraph at lines 643--643
[]|\T1/cmr/bx/n/12 ID| 
 []


Overfull \hbox (70.73851pt too wide) in paragraph at lines 641--651
[][]
 []


Underfull \hbox (badness 10000) in paragraph at lines 664--665
[]|\T1/cmr/bx/n/12 Estado
 []


Underfull \hbox (badness 10000) in paragraph at lines 667--667
\T1/cmr/m/n/10.95 del error
 []


Underfull \hbox (badness 10000) in paragraph at lines 667--667
\T1/cmr/m/n/10.95 la prue-ba
 []


Underfull \hbox (badness 10000) in paragraph at lines 667--667
[]|\T1/cmr/m/n/10.95 La prue-ba rea-li-za-da
 []


Overfull \hbox (3.1312pt too wide) in paragraph at lines 667--668
[]|\T1/cmr/m/n/12 Identificado| 
 []


Overfull \hbox (70.73851pt too wide) in paragraph at lines 662--672
[][]
 []

LaTeX Info: Redefining \. on input line 673.
LaTeX Info: Redefining \% on input line 673.
Package babel Info: Redefining spanish shorthand <<
(babel)             in language  on input line 673.
Package babel Info: Redefining spanish shorthand >>
(babel)             in language  on input line 673.
Package babel Info: Redefining spanish shorthand "=
(babel)             in language  on input line 673.
Package babel Info: Redefining spanish shorthand "~
(babel)             in language  on input line 673.
Package babel Info: Redefining spanish shorthand "!
(babel)             in language  on input line 673.
Package babel Info: Redefining spanish shorthand "?
(babel)             in language  on input line 673.
Package babel Info: Redefining spanish shorthand <<
(babel)             in language  on input line 673.
Package babel Info: Redefining spanish shorthand >>
(babel)             in language  on input line 673.
Package babel Info: Redefining spanish shorthand "=
(babel)             in language  on input line 673.
Package babel Info: Redefining spanish shorthand "~
(babel)             in language  on input line 673.
Package babel Info: Redefining spanish shorthand "!
(babel)             in language  on input line 673.
Package babel Info: Redefining spanish shorthand "?
(babel)             in language  on input line 673.
[35]
Overfull \hbox (74.39131pt too wide) in paragraph at lines 680--695
[][]
 []

LaTeX Info: Redefining \. on input line 699.
LaTeX Info: Redefining \% on input line 699.
Package babel Info: Redefining spanish shorthand <<
(babel)             in language  on input line 699.
Package babel Info: Redefining spanish shorthand >>
(babel)             in language  on input line 699.
Package babel Info: Redefining spanish shorthand "=
(babel)             in language  on input line 699.
Package babel Info: Redefining spanish shorthand "~
(babel)             in language  on input line 699.
Package babel Info: Redefining spanish shorthand "!
(babel)             in language  on input line 699.
Package babel Info: Redefining spanish shorthand "?
(babel)             in language  on input line 699.
Package babel Info: Redefining spanish shorthand <<
(babel)             in language  on input line 699.
Package babel Info: Redefining spanish shorthand >>
(babel)             in language  on input line 699.
Package babel Info: Redefining spanish shorthand "=
(babel)             in language  on input line 699.
Package babel Info: Redefining spanish shorthand "~
(babel)             in language  on input line 699.
Package babel Info: Redefining spanish shorthand "!
(babel)             in language  on input line 699.
Package babel Info: Redefining spanish shorthand "?
(babel)             in language  on input line 699.
[36]
Package babel Info: Redefining spanish shorthand <<
(babel)             in language  on input line 706.
Package babel Info: Redefining spanish shorthand >>
(babel)             in language  on input line 706.
Package babel Info: Redefining spanish shorthand "=
(babel)             in language  on input line 706.
Package babel Info: Redefining spanish shorthand "~
(babel)             in language  on input line 706.
Package babel Info: Redefining spanish shorthand "!
(babel)             in language  on input line 706.
Package babel Info: Redefining spanish shorthand "?
(babel)             in language  on input line 706.

Underfull \hbox (badness 4328) in paragraph at lines 762--762
[]|\T1/cmr/bx/n/12 Nombre del pro-
 []


Underfull \hbox (badness 1635) in paragraph at lines 785--786
[]\T1/cmr/m/n/10.95 Resta de Vec-to-
 []


Overfull \hbox (86.79129pt too wide) in paragraph at lines 760--799
[][]
 []

LaTeX Info: Redefining \. on input line 800.
LaTeX Info: Redefining \% on input line 800.
Package babel Info: Redefining spanish shorthand <<
(babel)             in language  on input line 800.
Package babel Info: Redefining spanish shorthand >>
(babel)             in language  on input line 800.
Package babel Info: Redefining spanish shorthand "=
(babel)             in language  on input line 800.
Package babel Info: Redefining spanish shorthand "~
(babel)             in language  on input line 800.
Package babel Info: Redefining spanish shorthand "!
(babel)             in language  on input line 800.
Package babel Info: Redefining spanish shorthand "?
(babel)             in language  on input line 800.
Package babel Info: Redefining spanish shorthand <<
(babel)             in language  on input line 800.
Package babel Info: Redefining spanish shorthand >>
(babel)             in language  on input line 800.
Package babel Info: Redefining spanish shorthand "=
(babel)             in language  on input line 800.
Package babel Info: Redefining spanish shorthand "~
(babel)             in language  on input line 800.
Package babel Info: Redefining spanish shorthand "!
(babel)             in language  on input line 800.
Package babel Info: Redefining spanish shorthand "?
(babel)             in language  on input line 800.
[37]
Package atveryend Info: Empty hook `BeforeClearDocument' on input line 814.
LaTeX Info: Redefining \. on input line 814.
LaTeX Info: Redefining \% on input line 814.
Package babel Info: Redefining spanish shorthand <<
(babel)             in language  on input line 814.
Package babel Info: Redefining spanish shorthand >>
(babel)             in language  on input line 814.
Package babel Info: Redefining spanish shorthand "=
(babel)             in language  on input line 814.
Package babel Info: Redefining spanish shorthand "~
(babel)             in language  on input line 814.
Package babel Info: Redefining spanish shorthand "!
(babel)             in language  on input line 814.
Package babel Info: Redefining spanish shorthand "?
(babel)             in language  on input line 814.
Package babel Info: Redefining spanish shorthand <<
(babel)             in language  on input line 814.
Package babel Info: Redefining spanish shorthand >>
(babel)             in language  on input line 814.
Package babel Info: Redefining spanish shorthand "=
(babel)             in language  on input line 814.
Package babel Info: Redefining spanish shorthand "~
(babel)             in language  on input line 814.
Package babel Info: Redefining spanish shorthand "!
(babel)             in language  on input line 814.
Package babel Info: Redefining spanish shorthand "?
(babel)             in language  on input line 814.
 [38]
Package atveryend Info: Empty hook `AfterLastShipout' on input line 814.
 (Documentacion.aux
LaTeX Info: Redefining \. on input line 27.
LaTeX Info: Redefining \% on input line 27.
)
Package atveryend Info: Executing hook `AtVeryEndDocument' on input line 814.
Package atveryend Info: Executing hook `AtEndAfterFileList' on input line 814.
Package rerunfilecheck Info: File `Documentacion.out' has not changed.
(rerunfilecheck)             Checksum: B54E5119E0FD0E938840D471D4B5CEC4;303.


LaTeX Warning: There were multiply-defined labels.

Package atveryend Info: Empty hook `AtVeryVeryEnd' on input line 814.
 ) 
Here is how much of TeX's memory you used:
 9136 strings out of 493673
 125512 string characters out of 3143954
 233706 words of memory out of 3000000
 12328 multiletter control sequences out of 15000+200000
 21471 words of font info for 57 fonts, out of 3000000 for 9000
 1025 hyphenation exceptions out of 8191
 30i,14n,43p,586b,539s stack positions out of 5000i,500n,10000p,200000b,50000s
 <C:\Users\GENESIS\AppData\Local\MiKTeX\2.9\fonts\pk\ljfour\jknappen\ec\dpi60
0\ecrm0800.pk> <C:\Users\GENESIS\AppData\Local\MiKTeX\2.9\fonts\pk\ljfour\jknap
pen\ec\dpi600\ecti0800.pk> <C:\Users\GENESIS\AppData\Local\MiKTeX\2.9\fonts\pk\
ljfour\jknappen\ec\dpi600\ecti1200.pk> <C:\Users\GENESIS\AppData\Local\MiKTeX\2
.9\fonts\pk\ljfour\jknappen\ec\dpi600\ecbx1200.pk> <C:\Users\GENESIS\AppData\Lo
cal\MiKTeX\2.9\fonts\pk\ljfour\jknappen\ec\dpi600\ecrm1200.pk> <C:\Users\GENESI
S\AppData\Local\MiKTeX\2.9\fonts\pk\ljfour\jknappen\ec\dpi600\ecrm1000.pk> <C:\
Users\GENESIS\AppData\Local\MiKTeX\2.9\fonts\pk\ljfour\jknappen\ec\dpi600\ecti1
095.pk> <C:\Users\GENESIS\AppData\Local\MiKTeX\2.9\fonts\pk\ljfour\jknappen\ec\
dpi600\ecrm1095.pk> <C:\Users\GENESIS\AppData\Local\MiKTeX\2.9\fonts\pk\ljfour\
jknappen\ec\dpi600\ecbx1440.pk> <C:\Users\GENESIS\AppData\Local\MiKTeX\2.9\font
s\pk\ljfour\jknappen\ec\dpi600\ecbx1095.pk> <C:\Users\GENESIS\AppData\Local\MiK
TeX\2.9\fonts\pk\ljfour\jknappen\ec\dpi600\ecrm1440.pk> <C:\Users\GENESIS\AppDa
ta\Local\MiKTeX\2.9\fonts\pk\ljfour\jknappen\ec\dpi600\ecbx1728.pk> <C:\Users\G
ENESIS\AppData\Local\MiKTeX\2.9\fonts\pk\ljfour\jknappen\ec\dpi600\ecsl1200.pk>

Output written on Documentacion.pdf (13 pages, 160781 bytes).
PDF statistics:
 513 PDF objects out of 1000 (max. 8388607)
 23 named destinations out of 1000 (max. 500000)
 41 words of extra memory for PDF output out of 10000 (max. 10000000)

