This is pdfTeX, Version 3.14159265-2.6-1.40.16 (TeX Live 2015) (preloaded format=pdflatex 2015.5.24)  6 DEC 2016 12:56
entering extended mode
 restricted \write18 enabled.
 file:line:error style messages enabled.
 %&-line parsing enabled.
**files.tex
(./files.tex
LaTeX2e <2015/01/01>
Babel <3.9l> and hyphenation patterns for 79 languages loaded.
./files.tex:1: Undefined control sequence.
l.1 \section
            {Lista de archivos}
The control sequence at the end of the top line
of your error message was never \def'ed. If you have
misspelled it (e.g., `\hobx'), type `I' and the correct
spelling (e.g., `I\hbox'). Otherwise just continue,
and I'll forget about whatever was undefined.


./files.tex:1: LaTeX Error: Missing \begin{document}.

See the LaTeX manual or LaTeX Companion for explanation.
Type  H <return>  for immediate help.
 ...                                              
                                                  
l.1 \section{L
              ista de archivos}
You're in trouble here.  Try typing  <return>  to proceed.
If that doesn't work, type  X <return>  to quit.

Missing character: There is no L in font nullfont!
Missing character: There is no i in font nullfont!
Missing character: There is no s in font nullfont!
Missing character: There is no t in font nullfont!
Missing character: There is no a in font nullfont!
Missing character: There is no d in font nullfont!
Missing character: There is no e in font nullfont!
Missing character: There is no a in font nullfont!
Missing character: There is no r in font nullfont!
Missing character: There is no c in font nullfont!
Missing character: There is no h in font nullfont!
Missing character: There is no i in font nullfont!
Missing character: There is no v in font nullfont!
Missing character: There is no o in font nullfont!
Missing character: There is no s in font nullfont!
Missing character: There is no L in font nullfont!
Missing character: There is no i in font nullfont!
Missing character: There is no s in font nullfont!
Missing character: There is no t in font nullfont!
Missing character: There is no a in font nullfont!
Missing character: There is no d in font nullfont!
Missing character: There is no e in font nullfont!
Missing character: There is no t in font nullfont!
Missing character: There is no o in font nullfont!
Missing character: There is no d in font nullfont!
Missing character: There is no o in font nullfont!
Missing character: There is no s in font nullfont!
Missing character: There is no l in font nullfont!
Missing character: There is no o in font nullfont!
Missing character: There is no s in font nullfont!
Missing character: There is no a in font nullfont!
Missing character: There is no r in font nullfont!
Missing character: There is no c in font nullfont!
Missing character: There is no h in font nullfont!
Missing character: There is no i in font nullfont!
Missing character: There is no v in font nullfont!
Missing character: There is no o in font nullfont!
Missing character: There is no s in font nullfont!
Missing character: There is no d in font nullfont!
Missing character: There is no o in font nullfont!
Missing character: There is no c in font nullfont!
Missing character: There is no u in font nullfont!
Missing character: There is no m in font nullfont!
Missing character: There is no e in font nullfont!
Missing character: There is no n in font nullfont!
Missing character: There is no t in font nullfont!
Missing character: There is no a in font nullfont!
Missing character: There is no d in font nullfont!
Missing character: There is no o in font nullfont!
Missing character: There is no s in font nullfont!
Missing character: There is no y in font nullfont!
Missing character: There is no c in font nullfont!
Missing character: There is no o in font nullfont!
Missing character: There is no n in font nullfont!
Missing character: There is no d in font nullfont!
Missing character: There is no e in font nullfont!
Missing character: There is no s in font nullfont!
Missing character: There is no c in font nullfont!
Missing character: There is no r in font nullfont!
Missing character: There is no i in font nullfont!
Missing character: There is no p in font nullfont!
Missing character: There is no c in font nullfont!
Missing character: There is no i in font nullfont!
Missing character: There is no o in font nullfont!
Missing character: There is no n in font nullfont!
Missing character: There is no e in font nullfont!
Missing character: There is no s in font nullfont!
Missing character: There is no b in font nullfont!
Missing character: There is no r in font nullfont!
Missing character: There is no e in font nullfont!
Missing character: There is no v in font nullfont!
Missing character: There is no e in font nullfont!
Missing character: There is no s in font nullfont!
./files.tex:2: Undefined control sequence.
l.2 ...s documentados y con descripciones breves\+
                                                  :\begin{DoxyCompactList}
The control sequence at the end of the top line
of your error message was never \def'ed. If you have
misspelled it (e.g., `\hobx'), type `I' and the correct
spelling (e.g., `I\hbox'). Otherwise just continue,
and I'll forget about whatever was undefined.

Missing character: There is no : in font nullfont!

./files.tex:2: LaTeX Error: Environment DoxyCompactList undefined.

See the LaTeX manual or LaTeX Companion for explanation.
Type  H <return>  for immediate help.
 ...                                              
                                                  
l.2 ...cripciones breves\+:\begin{DoxyCompactList}
                                                  
Your command was ignored.
Type  I <command> <return>  to replace it with another command,
or  <return>  to continue without it.


Overfull \hbox (20.0pt too wide) in paragraph at lines 1--3
[]
 []


./files.tex:3: LaTeX Error: Lonely \item--perhaps a missing list environment.

See the LaTeX manual or LaTeX Companion for explanation.
Type  H <return>  for immediate help.
 ...                                              
                                                  
l.3 \item\contentsline
                      {section}{{\bfseries B\+I\+C\+G\+S\+T\+A\+B.\+hpp} }{\...
Try typing  <return>  to proceed.
If that doesn't work, type  X <return>  to quit.

./files.tex:3: Undefined control sequence.
l.3 \item\contentsline{section}{{\bfseries B\+
                                              I\+C\+G\+S\+T\+A\+B.\+hpp} }{\...
The control sequence at the end of the top line
of your error message was never \def'ed. If you have
misspelled it (e.g., `\hobx'), type `I' and the correct
spelling (e.g., `I\hbox'). Otherwise just continue,
and I'll forget about whatever was undefined.

./files.tex:3: Undefined control sequence.
l.3 \item\contentsline{section}{{\bfseries B\+I\+
                                                 C\+G\+S\+T\+A\+B.\+hpp} }{\...
The control sequence at the end of the top line
of your error message was never \def'ed. If you have
misspelled it (e.g., `\hobx'), type `I' and the correct
spelling (e.g., `I\hbox'). Otherwise just continue,
and I'll forget about whatever was undefined.

./files.tex:3: Undefined control sequence.
l.3 ...\contentsline{section}{{\bfseries B\+I\+C\+
                                                  G\+S\+T\+A\+B.\+hpp} }{\pa...
The control sequence at the end of the top line
of your error message was never \def'ed. If you have
misspelled it (e.g., `\hobx'), type `I' and the correct
spelling (e.g., `I\hbox'). Otherwise just continue,
and I'll forget about whatever was undefined.

./files.tex:3: Undefined control sequence.
l.3 ...ntentsline{section}{{\bfseries B\+I\+C\+G\+
                                                  S\+T\+A\+B.\+hpp} }{\pager...
The control sequence at the end of the top line
of your error message was never \def'ed. If you have
misspelled it (e.g., `\hobx'), type `I' and the correct
spelling (e.g., `I\hbox'). Otherwise just continue,
and I'll forget about whatever was undefined.

./files.tex:3: Undefined control sequence.
l.3 ...ntsline{section}{{\bfseries B\+I\+C\+G\+S\+
                                                  T\+A\+B.\+hpp} }{\pageref{...
The control sequence at the end of the top line
of your error message was never \def'ed. If you have
misspelled it (e.g., `\hobx'), type `I' and the correct
spelling (e.g., `I\hbox'). Otherwise just continue,
and I'll forget about whatever was undefined.

./files.tex:3: Undefined control sequence.
l.3 ...line{section}{{\bfseries B\+I\+C\+G\+S\+T\+
                                                  A\+B.\+hpp} }{\pageref{_b_...
The control sequence at the end of the top line
of your error message was never \def'ed. If you have
misspelled it (e.g., `\hobx'), type `I' and the correct
spelling (e.g., `I\hbox'). Otherwise just continue,
and I'll forget about whatever was undefined.

./files.tex:3: Undefined control sequence.
l.3 ...e{section}{{\bfseries B\+I\+C\+G\+S\+T\+A\+
                                                  B.\+hpp} }{\pageref{_b_i_c...
The control sequence at the end of the top line
of your error message was never \def'ed. If you have
misspelled it (e.g., `\hobx'), type `I' and the correct
spelling (e.g., `I\hbox'). Otherwise just continue,
and I'll forget about whatever was undefined.

./files.tex:3: Undefined control sequence.
l.3 ...ction}{{\bfseries B\+I\+C\+G\+S\+T\+A\+B.\+
                                                  hpp} }{\pageref{_b_i_c_g_s...
The control sequence at the end of the top line
of your error message was never \def'ed. If you have
misspelled it (e.g., `\hobx'), type `I' and the correct
spelling (e.g., `I\hbox'). Otherwise just continue,
and I'll forget about whatever was undefined.

./files.tex:3: Undefined control sequence.
<write> ...b_i_c_g_s_t_a_b_8hpp' on page \thepage 
                                                  \space undefined\on@line .
l.3 ...+B.\+hpp} }{\pageref{_b_i_c_g_s_t_a_b_8hpp}
                                                  }{}
The control sequence at the end of the top line
of your error message was never \def'ed. If you have
misspelled it (e.g., `\hobx'), type `I' and the correct
spelling (e.g., `I\hbox'). Otherwise just continue,
and I'll forget about whatever was undefined.


LaTeX Warning: Reference `_b_i_c_g_s_t_a_b_8hpp' on page  undefined on input line 3.


Overfull \hbox (82.5551pt too wide) in paragraph at lines 3--4
\OT1/cmr/bx/n/10 BICGSTAB.hpp
 []


Overfull \hbox (10.86105pt too wide) in paragraph at lines 3--4
[] 
 []


./files.tex:4: LaTeX Error: Lonely \item--perhaps a missing list environment.

See the LaTeX manual or LaTeX Companion for explanation.
Type  H <return>  for immediate help.
 ...                                              
                                                  
l.4 \item\contentsline
                      {section}{{\bfseries C\+G.\+hpp} }{\pageref{_c_g_8hpp}}{}
Try typing  <return>  to proceed.
If that doesn't work, type  X <return>  to quit.

./files.tex:4: Undefined control sequence.
l.4 \item\contentsline{section}{{\bfseries C\+
                                              G.\+hpp} }{\pageref{_c_g_8hpp}}{}
The control sequence at the end of the top line
of your error message was never \def'ed. If you have
misspelled it (e.g., `\hobx'), type `I' and the correct
spelling (e.g., `I\hbox'). Otherwise just continue,
and I'll forget about whatever was undefined.

./files.tex:4: Undefined control sequence.
l.4 \item\contentsline{section}{{\bfseries C\+G.\+
                                                  hpp} }{\pageref{_c_g_8hpp}}{}
The control sequence at the end of the top line
of your error message was never \def'ed. If you have
misspelled it (e.g., `\hobx'), type `I' and the correct
spelling (e.g., `I\hbox'). Otherwise just continue,
and I'll forget about whatever was undefined.

./files.tex:4: Undefined control sequence.
<write> ...Reference `_c_g_8hpp' on page \thepage 
                                                  \space undefined\on@line .
l.4 ...\bfseries C\+G.\+hpp} }{\pageref{_c_g_8hpp}
                                                  }{}
The control sequence at the end of the top line
of your error message was never \def'ed. If you have
misspelled it (e.g., `\hobx'), type `I' and the correct
spelling (e.g., `I\hbox'). Otherwise just continue,
and I'll forget about whatever was undefined.


LaTeX Warning: Reference `_c_g_8hpp' on page  undefined on input line 4.


Overfull \hbox (39.70811pt too wide) in paragraph at lines 4--5
\OT1/cmr/bx/n/10 CG.hpp
 []


Overfull \hbox (10.86105pt too wide) in paragraph at lines 4--5
[] 
 []


./files.tex:5: LaTeX Error: Lonely \item--perhaps a missing list environment.

See the LaTeX manual or LaTeX Companion for explanation.
Type  H <return>  for immediate help.
 ...                                              
                                                  
l.5 \item\contentsline
                      {section}{{\bfseries C\+O\+O.\+hpp} }{\pageref{_c_o_o_...
Try typing  <return>  to proceed.
If that doesn't work, type  X <return>  to quit.

./files.tex:5: Undefined control sequence.
l.5 \item\contentsline{section}{{\bfseries C\+
                                              O\+O.\+hpp} }{\pageref{_c_o_o_...
The control sequence at the end of the top line
of your error message was never \def'ed. If you have
misspelled it (e.g., `\hobx'), type `I' and the correct
spelling (e.g., `I\hbox'). Otherwise just continue,
and I'll forget about whatever was undefined.

./files.tex:5: Undefined control sequence.
l.5 \item\contentsline{section}{{\bfseries C\+O\+
                                                 O.\+hpp} }{\pageref{_c_o_o_...
The control sequence at the end of the top line
of your error message was never \def'ed. If you have
misspelled it (e.g., `\hobx'), type `I' and the correct
spelling (e.g., `I\hbox'). Otherwise just continue,
and I'll forget about whatever was undefined.

./files.tex:5: Undefined control sequence.
l.5 ...contentsline{section}{{\bfseries C\+O\+O.\+
                                                  hpp} }{\pageref{_c_o_o_8hp...
The control sequence at the end of the top line
of your error message was never \def'ed. If you have
misspelled it (e.g., `\hobx'), type `I' and the correct
spelling (e.g., `I\hbox'). Otherwise just continue,
and I'll forget about whatever was undefined.

./files.tex:5: Undefined control sequence.
<write> ...ference `_c_o_o_8hpp' on page \thepage 
                                                  \space undefined\on@line .
l.5 ...ries C\+O\+O.\+hpp} }{\pageref{_c_o_o_8hpp}
                                                  }{}
The control sequence at the end of the top line
of your error message was never \def'ed. If you have
misspelled it (e.g., `\hobx'), type `I' and the correct
spelling (e.g., `I\hbox'). Otherwise just continue,
and I'll forget about whatever was undefined.


LaTeX Warning: Reference `_c_o_o_8hpp' on page  undefined on input line 5.


Overfull \hbox (47.94418pt too wide) in paragraph at lines 5--6
\OT1/cmr/bx/n/10 COO.hpp
 []


Overfull \hbox (10.86105pt too wide) in paragraph at lines 5--6
[] 
 []


./files.tex:6: LaTeX Error: Lonely \item--perhaps a missing list environment.

See the LaTeX manual or LaTeX Companion for explanation.
Type  H <return>  for immediate help.
 ...                                              
                                                  
l.6 \item\contentsline
                      {section}{{\bfseries C\+S\+R.\+hpp} }{\pageref{_c_s_r_...
Try typing  <return>  to proceed.
If that doesn't work, type  X <return>  to quit.

./files.tex:6: Undefined control sequence.
l.6 \item\contentsline{section}{{\bfseries C\+
                                              S\+R.\+hpp} }{\pageref{_c_s_r_...
The control sequence at the end of the top line
of your error message was never \def'ed. If you have
misspelled it (e.g., `\hobx'), type `I' and the correct
spelling (e.g., `I\hbox'). Otherwise just continue,
and I'll forget about whatever was undefined.

./files.tex:6: Undefined control sequence.
l.6 \item\contentsline{section}{{\bfseries C\+S\+
                                                 R.\+hpp} }{\pageref{_c_s_r_...
The control sequence at the end of the top line
of your error message was never \def'ed. If you have
misspelled it (e.g., `\hobx'), type `I' and the correct
spelling (e.g., `I\hbox'). Otherwise just continue,
and I'll forget about whatever was undefined.

./files.tex:6: Undefined control sequence.
l.6 ...contentsline{section}{{\bfseries C\+S\+R.\+
                                                  hpp} }{\pageref{_c_s_r_8hp...
The control sequence at the end of the top line
of your error message was never \def'ed. If you have
misspelled it (e.g., `\hobx'), type `I' and the correct
spelling (e.g., `I\hbox'). Otherwise just continue,
and I'll forget about whatever was undefined.

./files.tex:6: Undefined control sequence.
<write> ...ference `_c_s_r_8hpp' on page \thepage 
                                                  \space undefined\on@line .
l.6 ...ries C\+S\+R.\+hpp} }{\pageref{_c_s_r_8hpp}
                                                  }{}
The control sequence at the end of the top line
of your error message was never \def'ed. If you have
misspelled it (e.g., `\hobx'), type `I' and the correct
spelling (e.g., `I\hbox'). Otherwise just continue,
and I'll forget about whatever was undefined.


LaTeX Warning: Reference `_c_s_r_8hpp' on page  undefined on input line 6.


Overfull \hbox (45.68031pt too wide) in paragraph at lines 6--7
\OT1/cmr/bx/n/10 CSR.hpp
 []


Overfull \hbox (10.86105pt too wide) in paragraph at lines 6--7
[] 
 []


./files.tex:7: LaTeX Error: Lonely \item--perhaps a missing list environment.

See the LaTeX manual or LaTeX Companion for explanation.
Type  H <return>  for immediate help.
 ...                                              
                                                  
l.7 \item\contentsline
                      {section}{{\bfseries C\+V\+F\+E\+M.\+hpp} }{\pageref{_...
Try typing  <return>  to proceed.
If that doesn't work, type  X <return>  to quit.

./files.tex:7: Undefined control sequence.
l.7 \item\contentsline{section}{{\bfseries C\+
                                              V\+F\+E\+M.\+hpp} }{\pageref{_...
The control sequence at the end of the top line
of your error message was never \def'ed. If you have
misspelled it (e.g., `\hobx'), type `I' and the correct
spelling (e.g., `I\hbox'). Otherwise just continue,
and I'll forget about whatever was undefined.

./files.tex:7: Undefined control sequence.
l.7 \item\contentsline{section}{{\bfseries C\+V\+
                                                 F\+E\+M.\+hpp} }{\pageref{_...
The control sequence at the end of the top line
of your error message was never \def'ed. If you have
misspelled it (e.g., `\hobx'), type `I' and the correct
spelling (e.g., `I\hbox'). Otherwise just continue,
and I'll forget about whatever was undefined.

./files.tex:7: Undefined control sequence.
l.7 ...\contentsline{section}{{\bfseries C\+V\+F\+
                                                  E\+M.\+hpp} }{\pageref{_c_...
The control sequence at the end of the top line
of your error message was never \def'ed. If you have
misspelled it (e.g., `\hobx'), type `I' and the correct
spelling (e.g., `I\hbox'). Otherwise just continue,
and I'll forget about whatever was undefined.

./files.tex:7: Undefined control sequence.
l.7 ...ntentsline{section}{{\bfseries C\+V\+F\+E\+
                                                  M.\+hpp} }{\pageref{_c_v_f...
The control sequence at the end of the top line
of your error message was never \def'ed. If you have
misspelled it (e.g., `\hobx'), type `I' and the correct
spelling (e.g., `I\hbox'). Otherwise just continue,
and I'll forget about whatever was undefined.

./files.tex:7: Undefined control sequence.
l.7 ...tsline{section}{{\bfseries C\+V\+F\+E\+M.\+
                                                  hpp} }{\pageref{_c_v_f_e_m...
The control sequence at the end of the top line
of your error message was never \def'ed. If you have
misspelled it (e.g., `\hobx'), type `I' and the correct
spelling (e.g., `I\hbox'). Otherwise just continue,
and I'll forget about whatever was undefined.

./files.tex:7: Undefined control sequence.
<write> ...nce `_c_v_f_e_m_8hpp' on page \thepage 
                                                  \space undefined\on@line .
l.7 ...+F\+E\+M.\+hpp} }{\pageref{_c_v_f_e_m_8hpp}
                                                  }{}
The control sequence at the end of the top line
of your error message was never \def'ed. If you have
misspelled it (e.g., `\hobx'), type `I' and the correct
spelling (e.g., `I\hbox'). Otherwise just continue,
and I'll forget about whatever was undefined.


LaTeX Warning: Reference `_c_v_f_e_m_8hpp' on page  undefined on input line 7.


Overfull \hbox (65.06909pt too wide) in paragraph at lines 7--8
\OT1/cmr/bx/n/10 CVFEM.hpp
 []


Overfull \hbox (10.86105pt too wide) in paragraph at lines 7--8
[] 
 []


./files.tex:8: LaTeX Error: Lonely \item--perhaps a missing list environment.

See the LaTeX manual or LaTeX Companion for explanation.
Type  H <return>  for immediate help.
 ...                                              
                                                  
l.8 \item\contentsline
                      {section}{{\bfseries funciones.\+hpp} }{\pageref{funci...
Try typing  <return>  to proceed.
If that doesn't work, type  X <return>  to quit.

./files.tex:8: Undefined control sequence.
l.8 ...ntentsline{section}{{\bfseries funciones.\+
                                                  hpp} }{\pageref{funciones_...
The control sequence at the end of the top line
of your error message was never \def'ed. If you have
misspelled it (e.g., `\hobx'), type `I' and the correct
spelling (e.g., `I\hbox'). Otherwise just continue,
and I'll forget about whatever was undefined.

./files.tex:8: Undefined control sequence.
<write> ...ence `funciones_8hpp' on page \thepage 
                                                  \space undefined\on@line .
l.8 ...funciones.\+hpp} }{\pageref{funciones_8hpp}
                                                  }{}
The control sequence at the end of the top line
of your error message was never \def'ed. If you have
misspelled it (e.g., `\hobx'), type `I' and the correct
spelling (e.g., `I\hbox'). Otherwise just continue,
and I'll forget about whatever was undefined.


LaTeX Warning: Reference `funciones_8hpp' on page  undefined on input line 8.


Overfull \hbox (68.9038pt too wide) in paragraph at lines 8--9
\OT1/cmr/bx/n/10 funciones.hpp
 []


Overfull \hbox (10.86105pt too wide) in paragraph at lines 8--9
[] 
 []


./files.tex:9: LaTeX Error: Lonely \item--perhaps a missing list environment.

See the LaTeX manual or LaTeX Companion for explanation.
Type  H <return>  for immediate help.
 ...                                              
                                                  
l.9 \item\contentsline
                      {section}{{\bfseries Gauss\+Seidel.\+hpp} }{\pageref{_...
Try typing  <return>  to proceed.
If that doesn't work, type  X <return>  to quit.

./files.tex:9: Undefined control sequence.
l.9 \item\contentsline{section}{{\bfseries Gauss\+
                                                  Seidel.\+hpp} }{\pageref{_...
The control sequence at the end of the top line
of your error message was never \def'ed. If you have
misspelled it (e.g., `\hobx'), type `I' and the correct
spelling (e.g., `I\hbox'). Otherwise just continue,
and I'll forget about whatever was undefined.

./files.tex:9: Undefined control sequence.
l.9 ...tsline{section}{{\bfseries Gauss\+Seidel.\+
                                                  hpp} }{\pageref{_gauss_sei...
The control sequence at the end of the top line
of your error message was never \def'ed. If you have
misspelled it (e.g., `\hobx'), type `I' and the correct
spelling (e.g., `I\hbox'). Otherwise just continue,
and I'll forget about whatever was undefined.

./files.tex:9: Undefined control sequence.
<write> ... `_gauss_seidel_8hpp' on page \thepage 
                                                  \space undefined\on@line .
l.9 ...eidel.\+hpp} }{\pageref{_gauss_seidel_8hpp}
                                                  }{}
The control sequence at the end of the top line
of your error message was never \def'ed. If you have
misspelled it (e.g., `\hobx'), type `I' and the correct
spelling (e.g., `I\hbox'). Otherwise just continue,
and I'll forget about whatever was undefined.


LaTeX Warning: Reference `_gauss_seidel_8hpp' on page  undefined on input line 9.


Overfull \hbox (82.16202pt too wide) in paragraph at lines 9--10
\OT1/cmr/bx/n/10 GaussSeidel.hpp
 []


Overfull \hbox (10.86105pt too wide) in paragraph at lines 9--10
[] 
 []


./files.tex:10: LaTeX Error: Lonely \item--perhaps a missing list environment.

See the LaTeX manual or LaTeX Companion for explanation.
Type  H <return>  for immediate help.
 ...                                              
                                                  
l.10 \item\contentsline
                       {section}{{\bfseries I\+C\+H\+O\+L.\+hpp} }{\pageref{...
Try typing  <return>  to proceed.
If that doesn't work, type  X <return>  to quit.

./files.tex:10: Undefined control sequence.
l.10 \item\contentsline{section}{{\bfseries I\+
                                               C\+H\+O\+L.\+hpp} }{\pageref{...
The control sequence at the end of the top line
of your error message was never \def'ed. If you have
misspelled it (e.g., `\hobx'), type `I' and the correct
spelling (e.g., `I\hbox'). Otherwise just continue,
and I'll forget about whatever was undefined.

./files.tex:10: Undefined control sequence.
l.10 \item\contentsline{section}{{\bfseries I\+C\+
                                                  H\+O\+L.\+hpp} }{\pageref{...
The control sequence at the end of the top line
of your error message was never \def'ed. If you have
misspelled it (e.g., `\hobx'), type `I' and the correct
spelling (e.g., `I\hbox'). Otherwise just continue,
and I'll forget about whatever was undefined.

./files.tex:10: Undefined control sequence.
l.10 ...contentsline{section}{{\bfseries I\+C\+H\+
                                                  O\+L.\+hpp} }{\pageref{_i_...
The control sequence at the end of the top line
of your error message was never \def'ed. If you have
misspelled it (e.g., `\hobx'), type `I' and the correct
spelling (e.g., `I\hbox'). Otherwise just continue,
and I'll forget about whatever was undefined.

./files.tex:10: Undefined control sequence.
l.10 ...tentsline{section}{{\bfseries I\+C\+H\+O\+
                                                  L.\+hpp} }{\pageref{_i_c_h...
The control sequence at the end of the top line
of your error message was never \def'ed. If you have
misspelled it (e.g., `\hobx'), type `I' and the correct
spelling (e.g., `I\hbox'). Otherwise just continue,
and I'll forget about whatever was undefined.

./files.tex:10: Undefined control sequence.
l.10 ...sline{section}{{\bfseries I\+C\+H\+O\+L.\+
                                                  hpp} }{\pageref{_i_c_h_o_l...
The control sequence at the end of the top line
of your error message was never \def'ed. If you have
misspelled it (e.g., `\hobx'), type `I' and the correct
spelling (e.g., `I\hbox'). Otherwise just continue,
and I'll forget about whatever was undefined.

./files.tex:10: Undefined control sequence.
<write> ...nce `_i_c_h_o_l_8hpp' on page \thepage 
                                                  \space undefined\on@line .
l.10 ...H\+O\+L.\+hpp} }{\pageref{_i_c_h_o_l_8hpp}
                                                  }{}
The control sequence at the end of the top line
of your error message was never \def'ed. If you have
misspelled it (e.g., `\hobx'), type `I' and the correct
spelling (e.g., `I\hbox'). Otherwise just continue,
and I'll forget about whatever was undefined.


LaTeX Warning: Reference `_i_c_h_o_l_8hpp' on page  undefined on input line 10.


Overfull \hbox (59.58301pt too wide) in paragraph at lines 10--11
\OT1/cmr/bx/n/10 ICHOL.hpp
 []


Overfull \hbox (10.86105pt too wide) in paragraph at lines 10--11
[] 
 []


./files.tex:11: LaTeX Error: Lonely \item--perhaps a missing list environment.

See the LaTeX manual or LaTeX Companion for explanation.
Type  H <return>  for immediate help.
 ...                                              
                                                  
l.11 \item\contentsline
                       {section}{{\bfseries I\+L\+U.\+hpp} }{\pageref{_i_l_u...
Try typing  <return>  to proceed.
If that doesn't work, type  X <return>  to quit.

./files.tex:11: Undefined control sequence.
l.11 \item\contentsline{section}{{\bfseries I\+
                                               L\+U.\+hpp} }{\pageref{_i_l_u...
The control sequence at the end of the top line
of your error message was never \def'ed. If you have
misspelled it (e.g., `\hobx'), type `I' and the correct
spelling (e.g., `I\hbox'). Otherwise just continue,
and I'll forget about whatever was undefined.

./files.tex:11: Undefined control sequence.
l.11 \item\contentsline{section}{{\bfseries I\+L\+
                                                  U.\+hpp} }{\pageref{_i_l_u...
The control sequence at the end of the top line
of your error message was never \def'ed. If you have
misspelled it (e.g., `\hobx'), type `I' and the correct
spelling (e.g., `I\hbox'). Otherwise just continue,
and I'll forget about whatever was undefined.

./files.tex:11: Undefined control sequence.
l.11 ...ontentsline{section}{{\bfseries I\+L\+U.\+
                                                  hpp} }{\pageref{_i_l_u_8hp...
The control sequence at the end of the top line
of your error message was never \def'ed. If you have
misspelled it (e.g., `\hobx'), type `I' and the correct
spelling (e.g., `I\hbox'). Otherwise just continue,
and I'll forget about whatever was undefined.

./files.tex:11: Undefined control sequence.
<write> ...ference `_i_l_u_8hpp' on page \thepage 
                                                  \space undefined\on@line .
l.11 ...ies I\+L\+U.\+hpp} }{\pageref{_i_l_u_8hpp}
                                                  }{}
The control sequence at the end of the top line
of your error message was never \def'ed. If you have
misspelled it (e.g., `\hobx'), type `I' and the correct
spelling (e.g., `I\hbox'). Otherwise just continue,
and I'll forget about whatever was undefined.


LaTeX Warning: Reference `_i_l_u_8hpp' on page  undefined on input line 11.


Overfull \hbox (42.48587pt too wide) in paragraph at lines 11--12
\OT1/cmr/bx/n/10 ILU.hpp
 []


Overfull \hbox (10.86105pt too wide) in paragraph at lines 11--12
[] 
 []


./files.tex:12: LaTeX Error: Lonely \item--perhaps a missing list environment.

See the LaTeX manual or LaTeX Companion for explanation.
Type  H <return>  for immediate help.
 ...                                              
                                                  
l.12 \item\contentsline
                       {section}{{\bfseries Jacobi.\+hpp} }{\pageref{_jacobi...
Try typing  <return>  to proceed.
If that doesn't work, type  X <return>  to quit.

./files.tex:12: Undefined control sequence.
l.12 ...contentsline{section}{{\bfseries Jacobi.\+
                                                  hpp} }{\pageref{_jacobi_8h...
The control sequence at the end of the top line
of your error message was never \def'ed. If you have
misspelled it (e.g., `\hobx'), type `I' and the correct
spelling (e.g., `I\hbox'). Otherwise just continue,
and I'll forget about whatever was undefined.

./files.tex:12: Undefined control sequence.
<write> ...erence `_jacobi_8hpp' on page \thepage 
                                                  \space undefined\on@line .
l.12 ...ies Jacobi.\+hpp} }{\pageref{_jacobi_8hpp}
                                                  }{}
The control sequence at the end of the top line
of your error message was never \def'ed. If you have
misspelled it (e.g., `\hobx'), type `I' and the correct
spelling (e.g., `I\hbox'). Otherwise just continue,
and I'll forget about whatever was undefined.


LaTeX Warning: Reference `_jacobi_8hpp' on page  undefined on input line 12.


Overfull \hbox (54.33997pt too wide) in paragraph at lines 12--13
\OT1/cmr/bx/n/10 Jacobi.hpp
 []


Overfull \hbox (10.86105pt too wide) in paragraph at lines 12--13
[] 
 []


./files.tex:13: LaTeX Error: Lonely \item--perhaps a missing list environment.

See the LaTeX manual or LaTeX Companion for explanation.
Type  H <return>  for immediate help.
 ...                                              
                                                  
l.13 \item\contentsline
                       {section}{{\bfseries Jacobi\+P.\+hpp} }{\pageref{_jac...
Try typing  <return>  to proceed.
If that doesn't work, type  X <return>  to quit.

./files.tex:13: Undefined control sequence.
l.13 ...\contentsline{section}{{\bfseries Jacobi\+
                                                  P.\+hpp} }{\pageref{_jacob...
The control sequence at the end of the top line
of your error message was never \def'ed. If you have
misspelled it (e.g., `\hobx'), type `I' and the correct
spelling (e.g., `I\hbox'). Otherwise just continue,
and I'll forget about whatever was undefined.

./files.tex:13: Undefined control sequence.
l.13 ...tentsline{section}{{\bfseries Jacobi\+P.\+
                                                  hpp} }{\pageref{_jacobi_p_...
The control sequence at the end of the top line
of your error message was never \def'ed. If you have
misspelled it (e.g., `\hobx'), type `I' and the correct
spelling (e.g., `I\hbox'). Otherwise just continue,
and I'll forget about whatever was undefined.

./files.tex:13: Undefined control sequence.
<write> ...ence `_jacobi_p_8hpp' on page \thepage 
                                                  \space undefined\on@line .
l.13 ...acobi\+P.\+hpp} }{\pageref{_jacobi_p_8hpp}
                                                  }{}
The control sequence at the end of the top line
of your error message was never \def'ed. If you have
misspelled it (e.g., `\hobx'), type `I' and the correct
spelling (e.g., `I\hbox'). Otherwise just continue,
and I'll forget about whatever was undefined.


LaTeX Warning: Reference `_jacobi_p_8hpp' on page  undefined on input line 13.


Overfull \hbox (61.2427pt too wide) in paragraph at lines 13--14
\OT1/cmr/bx/n/10 JacobiP.hpp
 []


Overfull \hbox (10.86105pt too wide) in paragraph at lines 13--14
[] 
 []


./files.tex:14: LaTeX Error: Lonely \item--perhaps a missing list environment.

See the LaTeX manual or LaTeX Companion for explanation.
Type  H <return>  for immediate help.
 ...                                              
                                                  
l.14 \item\contentsline
                       {section}{\hyperlink{_mesh_8hpp}{Mesh.\+hpp} \\*Encar...
Try typing  <return>  to proceed.
If that doesn't work, type  X <return>  to quit.

./files.tex:14: Undefined control sequence.
l.14 \item\contentsline{section}{\hyperlink
                                           {_mesh_8hpp}{Mesh.\+hpp} \\*Encar...
The control sequence at the end of the top line
of your error message was never \def'ed. If you have
misspelled it (e.g., `\hobx'), type `I' and the correct
spelling (e.g., `I\hbox'). Otherwise just continue,
and I'll forget about whatever was undefined.

./files.tex:14: Missing $ inserted.
<inserted text> 
                $
l.14 \item\contentsline{section}{\hyperlink{_
                                             mesh_8hpp}{Mesh.\+hpp} \\*Encar...
I've inserted a begin-math/end-math symbol since I think
you left one out. Proceed, with fingers crossed.

LaTeX Font Info:    External font `cmex10' loaded for size
(Font)              <7> on input line 14.
LaTeX Font Info:    External font `cmex10' loaded for size
(Font)              <5> on input line 14.
./files.tex:14: Extra }, or forgotten $.
l.14 ...ntentsline{section}{\hyperlink{_mesh_8hpp}
                                                  {Mesh.\+hpp} \\*Encargada ...
I've deleted a group-closing symbol because it seems to be
spurious, as in `$x}$'. But perhaps the } is legitimate and
you forgot something else, as in `\hbox{$x}'. In such cases
the way to recover is to insert both the forgotten and the
deleted material, e.g., by typing `I$}'.

./files.tex:14: Undefined control sequence.
l.14 ...ne{section}{\hyperlink{_mesh_8hpp}{Mesh.\+
                                                  hpp} \\*Encargada del trat...
The control sequence at the end of the top line
of your error message was never \def'ed. If you have
misspelled it (e.g., `\hobx'), type `I' and the correct
spelling (e.g., `I\hbox'). Otherwise just continue,
and I'll forget about whatever was undefined.

./files.tex:14: Extra }, or forgotten $.
l.14 ...enerada por medio de la herramienta Gmsh }
                                                  {\pageref{_mesh_8hpp}}{}
I've deleted a group-closing symbol because it seems to be
spurious, as in `$x}$'. But perhaps the } is legitimate and
you forgot something else, as in `\hbox{$x}'. In such cases
the way to recover is to insert both the forgotten and the
deleted material, e.g., by typing `I$}'.

./files.tex:14: Undefined control sequence.
<write> ...eference `_mesh_8hpp' on page \thepage 
                                                  \space undefined\on@line .
l.14 ...la herramienta Gmsh }{\pageref{_mesh_8hpp}
                                                  }{}
The control sequence at the end of the top line
of your error message was never \def'ed. If you have
misspelled it (e.g., `\hobx'), type `I' and the correct
spelling (e.g., `I\hbox'). Otherwise just continue,
and I'll forget about whatever was undefined.


LaTeX Warning: Reference `_mesh_8hpp' on page  undefined on input line 14.


./files.tex:15: LaTeX Error: Command \item invalid in math mode.

See the LaTeX manual or LaTeX Companion for explanation.
Type  H <return>  for immediate help.
 ...                                              
                                                  
l.15 \item
          \contentsline{section}{{\bfseries M\+I\+L\+U.\+hpp} }{\pageref{_m_...
Try typing  <return>  to proceed.
If that doesn't work, type  X <return>  to quit.


./files.tex:15: LaTeX Error: Something's wrong--perhaps a missing \item.

See the LaTeX manual or LaTeX Companion for explanation.
Type  H <return>  for immediate help.
 ...                                              
                                                  
l.15 \item\contentsline
                       {section}{{\bfseries M\+I\+L\+U.\+hpp} }{\pageref{_m_...
Try typing  <return>  to proceed.
If that doesn't work, type  X <return>  to quit.


./files.tex:15: LaTeX Error: Something's wrong--perhaps a missing \item.

See the LaTeX manual or LaTeX Companion for explanation.
Type  H <return>  for immediate help.
 ...                                              
                                                  
l.15 \item\contentsline
                       {section}{{\bfseries M\+I\+L\+U.\+hpp} }{\pageref{_m_...
Try typing  <return>  to proceed.
If that doesn't work, type  X <return>  to quit.


./files.tex:15: LaTeX Error: Lonely \item--perhaps a missing list environment.

See the LaTeX manual or LaTeX Companion for explanation.
Type  H <return>  for immediate help.
 ...                                              
                                                  
l.15 \item\contentsline
                       {section}{{\bfseries M\+I\+L\+U.\+hpp} }{\pageref{_m_...
Try typing  <return>  to proceed.
If that doesn't work, type  X <return>  to quit.


./files.tex:15: LaTeX Error: Command \bfseries invalid in math mode.

See the LaTeX manual or LaTeX Companion for explanation.
Type  H <return>  for immediate help.
 ...                                              
                                                  
l.15 \item\contentsline{section}{{\bfseries
                                            M\+I\+L\+U.\+hpp} }{\pageref{_m_...
Please use the math alphabet \mathbf instead of the \bfseries command. 

./files.tex:15: Undefined control sequence.
l.15 \item\contentsline{section}{{\bfseries M\+
                                               I\+L\+U.\+hpp} }{\pageref{_m_...
The control sequence at the end of the top line
of your error message was never \def'ed. If you have
misspelled it (e.g., `\hobx'), type `I' and the correct
spelling (e.g., `I\hbox'). Otherwise just continue,
and I'll forget about whatever was undefined.

./files.tex:15: Undefined control sequence.
l.15 \item\contentsline{section}{{\bfseries M\+I\+
                                                  L\+U.\+hpp} }{\pageref{_m_...
The control sequence at the end of the top line
of your error message was never \def'ed. If you have
misspelled it (e.g., `\hobx'), type `I' and the correct
spelling (e.g., `I\hbox'). Otherwise just continue,
and I'll forget about whatever was undefined.

./files.tex:15: Undefined control sequence.
l.15 ...contentsline{section}{{\bfseries M\+I\+L\+
                                                  U.\+hpp} }{\pageref{_m_i_l...
The control sequence at the end of the top line
of your error message was never \def'ed. If you have
misspelled it (e.g., `\hobx'), type `I' and the correct
spelling (e.g., `I\hbox'). Otherwise just continue,
and I'll forget about whatever was undefined.

./files.tex:15: Undefined control sequence.
l.15 ...entsline{section}{{\bfseries M\+I\+L\+U.\+
                                                  hpp} }{\pageref{_m_i_l_u_8...
The control sequence at the end of the top line
of your error message was never \def'ed. If you have
misspelled it (e.g., `\hobx'), type `I' and the correct
spelling (e.g., `I\hbox'). Otherwise just continue,
and I'll forget about whatever was undefined.

./files.tex:15: Undefined control sequence.
<write> ...rence `_m_i_l_u_8hpp' on page \thepage 
                                                  \space undefined\on@line .
l.15 ...\+I\+L\+U.\+hpp} }{\pageref{_m_i_l_u_8hpp}
                                                  }{}
The control sequence at the end of the top line
of your error message was never \def'ed. If you have
misspelled it (e.g., `\hobx'), type `I' and the correct
spelling (e.g., `I\hbox'). Otherwise just continue,
and I'll forget about whatever was undefined.


LaTeX Warning: Reference `_m_i_l_u_8hpp' on page  undefined on input line 15.


./files.tex:16: LaTeX Error: Command \item invalid in math mode.

See the LaTeX manual or LaTeX Companion for explanation.
Type  H <return>  for immediate help.
 ...                                              
                                                  
l.16 \item
          \contentsline{section}{{\bfseries Oper\+Vect.\+hpp} }{\pageref{_op...
Try typing  <return>  to proceed.
If that doesn't work, type  X <return>  to quit.

./files.tex:16: Missing $ inserted.
<inserted text> 
                $
l.16 \item\contentsline
                       {section}{{\bfseries Oper\+Vect.\+hpp} }{\pageref{_op...
I've inserted a begin-math/end-math symbol since I think
you left one out. Proceed, with fingers crossed.

Missing character: There is no Ã in font cmr10!
Missing character: There is no ­ in font cmr10!

Overfull \hbox (87.51054pt too wide) in paragraph at lines 14--16
[]\OML/cmm/m/it/10 esh[]hpp[] 
 []


Overfull \hbox (451.32033pt too wide) in paragraph at lines 14--16
\OML/cmm/m/it/10 EncargadadeltratamientodelageometrageneradapormediodelaherramientaGmsh[][][][][][]$ 
 []


./files.tex:16: LaTeX Error: Lonely \item--perhaps a missing list environment.

See the LaTeX manual or LaTeX Companion for explanation.
Type  H <return>  for immediate help.
 ...                                              
                                                  
l.16 \item\contentsline
                       {section}{{\bfseries Oper\+Vect.\+hpp} }{\pageref{_op...
Try typing  <return>  to proceed.
If that doesn't work, type  X <return>  to quit.

./files.tex:16: Undefined control sequence.
l.16 \item\contentsline{section}{{\bfseries Oper\+
                                                  Vect.\+hpp} }{\pageref{_op...
The control sequence at the end of the top line
of your error message was never \def'ed. If you have
misspelled it (e.g., `\hobx'), type `I' and the correct
spelling (e.g., `I\hbox'). Otherwise just continue,
and I'll forget about whatever was undefined.

./files.tex:16: Undefined control sequence.
l.16 ...entsline{section}{{\bfseries Oper\+Vect.\+
                                                  hpp} }{\pageref{_oper_vect...
The control sequence at the end of the top line
of your error message was never \def'ed. If you have
misspelled it (e.g., `\hobx'), type `I' and the correct
spelling (e.g., `I\hbox'). Otherwise just continue,
and I'll forget about whatever was undefined.

./files.tex:16: Undefined control sequence.
<write> ...nce `_oper_vect_8hpp' on page \thepage 
                                                  \space undefined\on@line .
l.16 ...r\+Vect.\+hpp} }{\pageref{_oper_vect_8hpp}
                                                  }{}
The control sequence at the end of the top line
of your error message was never \def'ed. If you have
misspelled it (e.g., `\hobx'), type `I' and the correct
spelling (e.g., `I\hbox'). Otherwise just continue,
and I'll forget about whatever was undefined.


LaTeX Warning: Reference `_oper_vect_8hpp' on page  undefined on input line 16.


Overfull \hbox (70.3052pt too wide) in paragraph at lines 16--17
\OT1/cmr/bx/n/10 OperVect.hpp
 []


Overfull \hbox (10.86105pt too wide) in paragraph at lines 16--17
[] 
 []


./files.tex:17: LaTeX Error: Lonely \item--perhaps a missing list environment.

See the LaTeX manual or LaTeX Companion for explanation.
Type  H <return>  for immediate help.
 ...                                              
                                                  
l.17 \item\contentsline
                       {section}{{\bfseries S\+O\+R.\+hpp} }{\pageref{_s_o_r...
Try typing  <return>  to proceed.
If that doesn't work, type  X <return>  to quit.

./files.tex:17: Undefined control sequence.
l.17 \item\contentsline{section}{{\bfseries S\+
                                               O\+R.\+hpp} }{\pageref{_s_o_r...
The control sequence at the end of the top line
of your error message was never \def'ed. If you have
misspelled it (e.g., `\hobx'), type `I' and the correct
spelling (e.g., `I\hbox'). Otherwise just continue,
and I'll forget about whatever was undefined.

./files.tex:17: Undefined control sequence.
l.17 \item\contentsline{section}{{\bfseries S\+O\+
                                                  R.\+hpp} }{\pageref{_s_o_r...
The control sequence at the end of the top line
of your error message was never \def'ed. If you have
misspelled it (e.g., `\hobx'), type `I' and the correct
spelling (e.g., `I\hbox'). Otherwise just continue,
and I'll forget about whatever was undefined.

./files.tex:17: Undefined control sequence.
l.17 ...ontentsline{section}{{\bfseries S\+O\+R.\+
                                                  hpp} }{\pageref{_s_o_r_8hp...
The control sequence at the end of the top line
of your error message was never \def'ed. If you have
misspelled it (e.g., `\hobx'), type `I' and the correct
spelling (e.g., `I\hbox'). Otherwise just continue,
and I'll forget about whatever was undefined.

./files.tex:17: Undefined control sequence.
<write> ...ference `_s_o_r_8hpp' on page \thepage 
                                                  \space undefined\on@line .
l.17 ...ies S\+O\+R.\+hpp} }{\pageref{_s_o_r_8hpp}
                                                  }{}
The control sequence at the end of the top line
of your error message was never \def'ed. If you have
misspelled it (e.g., `\hobx'), type `I' and the correct
spelling (e.g., `I\hbox'). Otherwise just continue,
and I'll forget about whatever was undefined.


LaTeX Warning: Reference `_s_o_r_8hpp' on page  undefined on input line 17.


Overfull \hbox (46.01364pt too wide) in paragraph at lines 17--18
\OT1/cmr/bx/n/10 SOR.hpp
 []


Overfull \hbox (10.86105pt too wide) in paragraph at lines 17--18
[] 
 []


./files.tex:18: LaTeX Error: Lonely \item--perhaps a missing list environment.

See the LaTeX manual or LaTeX Companion for explanation.
Type  H <return>  for immediate help.
 ...                                              
                                                  
l.18 \item\contentsline
                       {section}{{\bfseries Timer.\+hpp} }{\pageref{_timer_8...
Try typing  <return>  to proceed.
If that doesn't work, type  X <return>  to quit.

./files.tex:18: Undefined control sequence.
l.18 ...\contentsline{section}{{\bfseries Timer.\+
                                                  hpp} }{\pageref{_timer_8hp...
The control sequence at the end of the top line
of your error message was never \def'ed. If you have
misspelled it (e.g., `\hobx'), type `I' and the correct
spelling (e.g., `I\hbox'). Otherwise just continue,
and I'll forget about whatever was undefined.

./files.tex:18: Undefined control sequence.
<write> ...ference `_timer_8hpp' on page \thepage 
                                                  \space undefined\on@line .
l.18 ...eries Timer.\+hpp} }{\pageref{_timer_8hpp}
                                                  }{}
The control sequence at the end of the top line
of your error message was never \def'ed. If you have
misspelled it (e.g., `\hobx'), type `I' and the correct
spelling (e.g., `I\hbox'). Otherwise just continue,
and I'll forget about whatever was undefined.


LaTeX Warning: Reference `_timer_8hpp' on page  undefined on input line 18.


Overfull \hbox (53.14557pt too wide) in paragraph at lines 18--19
\OT1/cmr/bx/n/10 Timer.hpp
 []


Overfull \hbox (10.86105pt too wide) in paragraph at lines 18--19
[] 
 []


./files.tex:19: LaTeX Error: Lonely \item--perhaps a missing list environment.

See the LaTeX manual or LaTeX Companion for explanation.
Type  H <return>  for immediate help.
 ...                                              
                                                  
l.19 \item\contentsline
                       {section}{{\bfseries Vector.\+hpp} }{\pageref{_vector...
Try typing  <return>  to proceed.
If that doesn't work, type  X <return>  to quit.

./files.tex:19: Undefined control sequence.
l.19 ...contentsline{section}{{\bfseries Vector.\+
                                                  hpp} }{\pageref{_vector_8h...
The control sequence at the end of the top line
of your error message was never \def'ed. If you have
misspelled it (e.g., `\hobx'), type `I' and the correct
spelling (e.g., `I\hbox'). Otherwise just continue,
and I'll forget about whatever was undefined.

./files.tex:19: Undefined control sequence.
<write> ...erence `_vector_8hpp' on page \thepage 
                                                  \space undefined\on@line .
l.19 ...ies Vector.\+hpp} }{\pageref{_vector_8hpp}
                                                  }{}
The control sequence at the end of the top line
of your error message was never \def'ed. If you have
misspelled it (e.g., `\hobx'), type `I' and the correct
spelling (e.g., `I\hbox'). Otherwise just continue,
and I'll forget about whatever was undefined.


LaTeX Warning: Reference `_vector_8hpp' on page  undefined on input line 19.


Overfull \hbox (55.43723pt too wide) in paragraph at lines 19--20
\OT1/cmr/bx/n/10 Vector.hpp
 []


Overfull \hbox (10.86105pt too wide) in paragraph at lines 19--20
[] 
 []


./files.tex:20: LaTeX Error: Lonely \item--perhaps a missing list environment.

See the LaTeX manual or LaTeX Companion for explanation.
Type  H <return>  for immediate help.
 ...                                              
                                                  
l.20 \item\contentsline
                       {section}{{\bfseries visualize\+Mesh.\+hpp} }{\pagere...
Try typing  <return>  to proceed.
If that doesn't work, type  X <return>  to quit.

./files.tex:20: Undefined control sequence.
l.20 ...ntentsline{section}{{\bfseries visualize\+
                                                  Mesh.\+hpp} }{\pageref{vis...
The control sequence at the end of the top line
of your error message was never \def'ed. If you have
misspelled it (e.g., `\hobx'), type `I' and the correct
spelling (e.g., `I\hbox'). Otherwise just continue,
and I'll forget about whatever was undefined.

./files.tex:20: Undefined control sequence.
l.20 ...ine{section}{{\bfseries visualize\+Mesh.\+
                                                  hpp} }{\pageref{visualize_...
The control sequence at the end of the top line
of your error message was never \def'ed. If you have
misspelled it (e.g., `\hobx'), type `I' and the correct
spelling (e.g., `I\hbox'). Otherwise just continue,
and I'll forget about whatever was undefined.

./files.tex:20: Undefined control sequence.
<write> ...`visualize_mesh_8hpp' on page \thepage 
                                                  \space undefined\on@line .
l.20 ...esh.\+hpp} }{\pageref{visualize_mesh_8hpp}
                                                  }{}
The control sequence at the end of the top line
of your error message was never \def'ed. If you have
misspelled it (e.g., `\hobx'), type `I' and the correct
spelling (e.g., `I\hbox'). Otherwise just continue,
and I'll forget about whatever was undefined.


LaTeX Warning: Reference `visualize_mesh_8hpp' on page  undefined on input line 20.


./files.tex:21: LaTeX Error: \begin{document} ended by \end{DoxyCompactList}.

See the LaTeX manual or LaTeX Companion for explanation.
Type  H <return>  for immediate help.
 ...                                              
                                                  
l.21 \end{DoxyCompactList}
                          
Your command was ignored.
Type  I <command> <return>  to replace it with another command,
or  <return>  to continue without it.

./files.tex:21: Missing } inserted.
<inserted text> 
                }
l.21 \end{DoxyCompactList}
                          
I've inserted something that you may have forgotten.
(See the <inserted text> above.)
With luck, this will get me unwedged. But if you
really didn't forget anything, try typing `2' now; then
my insertion and my current dilemma will both disappear.

./files.tex:21: Missing } inserted.
<inserted text> 
                }
l.21 \end{DoxyCompactList}
                          
I've inserted something that you may have forgotten.
(See the <inserted text> above.)
With luck, this will get me unwedged. But if you
really didn't forget anything, try typing `2' now; then
my insertion and my current dilemma will both disappear.

)
! Emergency stop.
<*> files.tex
             
*** (job aborted, no legal \end found)

 
Here is how much of TeX's memory you used:
 32 strings out of 493089
 670 string characters out of 6134842
 56199 words of memory out of 5000000
 3615 multiletter control sequences out of 15000+600000
 3948 words of font info for 15 fonts, out of 8000000 for 9000
 1141 hyphenation exceptions out of 8191
 19i,5n,19p,204b,110s stack positions out of 5000i,500n,10000p,200000b,80000s
!  ==> Fatal error occurred, no output PDF file produced!
