\BOOKMARK [0][-]{chapter.1}{\376\377\0001\000\040\000\315\000n\000d\000i\000c\000e\000\040\000d\000e\000\040\000c\000l\000a\000s\000e\000s}{}% 1
\BOOKMARK [1][-]{section.1.1}{\376\377\0001\000.\0001\000\040\000L\000i\000s\000t\000a\000\040\000d\000e\000\040\000c\000l\000a\000s\000e\000s}{chapter.1}% 2
\BOOKMARK [0][-]{chapter.2}{\376\377\0002\000\040\000D\000o\000c\000u\000m\000e\000n\000t\000a\000c\000i\000\363\000n\000\040\000d\000e\000\040\000l\000a\000s\000\040\000c\000l\000a\000s\000e\000s}{}% 3
\BOOKMARK [1][-]{section.2.1}{\376\377\0002\000.\0001\000\040\000R\000e\000f\000e\000r\000e\000n\000c\000i\000a\000\040\000d\000e\000\040\000l\000a\000\040\000p\000l\000a\000n\000t\000i\000l\000l\000a\000\040\000d\000e\000\040\000l\000a\000\040\000C\000l\000a\000s\000e\000\040\000A\000d\000d\000<\000\040\000L\000,\000\040\000R\000\040\000>}{chapter.2}% 4
\BOOKMARK [1][-]{section.2.2}{\376\377\0002\000.\0002\000\040\000R\000e\000f\000e\000r\000e\000n\000c\000i\000a\000\040\000d\000e\000\040\000l\000a\000\040\000C\000l\000a\000s\000e\000\040\000B\000I\000C\000G\000S\000T\000A\000B}{chapter.2}% 5
\BOOKMARK [1][-]{section.2.3}{\376\377\0002\000.\0003\000\040\000R\000e\000f\000e\000r\000e\000n\000c\000i\000a\000\040\000d\000e\000\040\000l\000a\000\040\000C\000l\000a\000s\000e\000\040\000C\000G}{chapter.2}% 6
\BOOKMARK [1][-]{section.2.4}{\376\377\0002\000.\0004\000\040\000R\000e\000f\000e\000r\000e\000n\000c\000i\000a\000\040\000d\000e\000\040\000l\000a\000\040\000C\000l\000a\000s\000e\000\040\000C\000O\000O}{chapter.2}% 7
\BOOKMARK [1][-]{section.2.5}{\376\377\0002\000.\0005\000\040\000R\000e\000f\000e\000r\000e\000n\000c\000i\000a\000\040\000d\000e\000\040\000l\000a\000\040\000C\000l\000a\000s\000e\000\040\000C\000S\000R}{chapter.2}% 8
\BOOKMARK [1][-]{section.2.6}{\376\377\0002\000.\0006\000\040\000R\000e\000f\000e\000r\000e\000n\000c\000i\000a\000\040\000d\000e\000\040\000l\000a\000\040\000C\000l\000a\000s\000e\000\040\000C\000V\000F\000E\000M}{chapter.2}% 9
\BOOKMARK [1][-]{section.2.7}{\376\377\0002\000.\0007\000\040\000R\000e\000f\000e\000r\000e\000n\000c\000i\000a\000\040\000d\000e\000\040\000l\000a\000\040\000C\000l\000a\000s\000e\000\040\000G\000a\000u\000s\000s\000S\000e\000i\000d\000e\000l}{chapter.2}% 10
\BOOKMARK [1][-]{section.2.8}{\376\377\0002\000.\0008\000\040\000R\000e\000f\000e\000r\000e\000n\000c\000i\000a\000\040\000d\000e\000\040\000l\000a\000\040\000p\000l\000a\000n\000t\000i\000l\000l\000a\000\040\000d\000e\000\040\000l\000a\000\040\000C\000l\000a\000s\000e\000\040\000I\000C\000H\000O\000L\000<\000\040\000P\000\040\000>}{chapter.2}% 11
\BOOKMARK [1][-]{section.2.9}{\376\377\0002\000.\0009\000\040\000R\000e\000f\000e\000r\000e\000n\000c\000i\000a\000\040\000d\000e\000\040\000l\000a\000\040\000p\000l\000a\000n\000t\000i\000l\000l\000a\000\040\000d\000e\000\040\000l\000a\000\040\000C\000l\000a\000s\000e\000\040\000I\000L\000U\000<\000\040\000P\000\040\000>}{chapter.2}% 12
\BOOKMARK [1][-]{section.2.10}{\376\377\0002\000.\0001\0000\000\040\000R\000e\000f\000e\000r\000e\000n\000c\000i\000a\000\040\000d\000e\000\040\000l\000a\000\040\000C\000l\000a\000s\000e\000\040\000J\000a\000c\000o\000b\000i}{chapter.2}% 13
\BOOKMARK [1][-]{section.2.11}{\376\377\0002\000.\0001\0001\000\040\000R\000e\000f\000e\000r\000e\000n\000c\000i\000a\000\040\000d\000e\000\040\000l\000a\000\040\000p\000l\000a\000n\000t\000i\000l\000l\000a\000\040\000d\000e\000\040\000l\000a\000\040\000C\000l\000a\000s\000e\000\040\000J\000a\000c\000o\000b\000i\000P\000<\000\040\000P\000\040\000>}{chapter.2}% 14
\BOOKMARK [1][-]{section.2.12}{\376\377\0002\000.\0001\0002\000\040\000R\000e\000f\000e\000r\000e\000n\000c\000i\000a\000\040\000d\000e\000\040\000l\000a\000\040\000C\000l\000a\000s\000e\000\040\000M\000e\000s\000h}{chapter.2}% 15
\BOOKMARK [2][-]{subsection.2.12.1}{\376\377\0002\000.\0001\0002\000.\0001\000\040\000D\000e\000s\000c\000r\000i\000p\000c\000i\000\363\000n\000\040\000d\000e\000t\000a\000l\000l\000a\000d\000a}{section.2.12}% 16
\BOOKMARK [2][-]{subsection.2.12.2}{\376\377\0002\000.\0001\0002\000.\0002\000\040\000D\000o\000c\000u\000m\000e\000n\000t\000a\000c\000i\000\363\000n\000\040\000d\000e\000l\000\040\000c\000o\000n\000s\000t\000r\000u\000c\000t\000o\000r\000\040\000y\000\040\000d\000e\000s\000t\000r\000u\000c\000t\000o\000r}{section.2.12}% 17
\BOOKMARK [3][-]{subsubsection.2.12.2.1}{\376\377\0002\000.\0001\0002\000.\0002\000.\0001\000\040\000M\000e\000s\000h\000\050\000\051\000\040\000[\0001\000/\0002\000]}{subsection.2.12.2}% 18
\BOOKMARK [3][-]{subsubsection.2.12.2.2}{\376\377\0002\000.\0001\0002\000.\0002\000.\0002\000\040\000M\000e\000s\000h\000\050\000\051\000\040\000[\0002\000/\0002\000]}{subsection.2.12.2}% 19
\BOOKMARK [2][-]{subsection.2.12.3}{\376\377\0002\000.\0001\0002\000.\0003\000\040\000D\000o\000c\000u\000m\000e\000n\000t\000a\000c\000i\000\363\000n\000\040\000d\000e\000\040\000l\000a\000s\000\040\000f\000u\000n\000c\000i\000o\000n\000e\000s\000\040\000m\000i\000e\000m\000b\000r\000o}{section.2.12}% 20
\BOOKMARK [3][-]{subsubsection.2.12.3.1}{\376\377\0002\000.\0001\0002\000.\0003\000.\0001\000\040\000a\000r\000e\000a\000E\000l\000e\000m\000e\000n\000t\000\050\000\051}{subsection.2.12.3}% 21
\BOOKMARK [3][-]{subsubsection.2.12.3.2}{\376\377\0002\000.\0001\0002\000.\0003\000.\0002\000\040\000b\000o\000r\000d\000e\000N\000o\000d\000e\000\050\000\051}{subsection.2.12.3}% 22
\BOOKMARK [3][-]{subsubsection.2.12.3.3}{\376\377\0002\000.\0001\0002\000.\0003\000.\0003\000\040\000c\000o\000o\000r\000d\000X\000\050\000\051}{subsection.2.12.3}% 23
\BOOKMARK [3][-]{subsubsection.2.12.3.4}{\376\377\0002\000.\0001\0002\000.\0003\000.\0004\000\040\000c\000o\000o\000r\000d\000Y\000\050\000\051}{subsection.2.12.3}% 24
\BOOKMARK [3][-]{subsubsection.2.12.3.5}{\376\377\0002\000.\0001\0002\000.\0003\000.\0005\000\040\000n\000b\000o\000r\000d\000e\000N\000o\000d\000e\000\050\000\051}{subsection.2.12.3}% 25
\BOOKMARK [3][-]{subsubsection.2.12.3.6}{\376\377\0002\000.\0001\0002\000.\0003\000.\0006\000\040\000n\000E\000l\000e\000m\000e\000n\000t\000\050\000\051}{subsection.2.12.3}% 26
\BOOKMARK [3][-]{subsubsection.2.12.3.7}{\376\377\0002\000.\0001\0002\000.\0003\000.\0007\000\040\000n\000N\000o\000d\000e\000\050\000\051}{subsection.2.12.3}% 27
\BOOKMARK [1][-]{section.2.13}{\376\377\0002\000.\0001\0003\000\040\000R\000e\000f\000e\000r\000e\000n\000c\000i\000a\000\040\000d\000e\000\040\000l\000a\000\040\000p\000l\000a\000n\000t\000i\000l\000l\000a\000\040\000d\000e\000\040\000l\000a\000\040\000C\000l\000a\000s\000e\000\040\000M\000I\000L\000U\000<\000\040\000P\000\040\000>}{chapter.2}% 28
\BOOKMARK [1][-]{section.2.14}{\376\377\0002\000.\0001\0004\000\040\000R\000e\000f\000e\000r\000e\000n\000c\000i\000a\000\040\000d\000e\000\040\000l\000a\000\040\000p\000l\000a\000n\000t\000i\000l\000l\000a\000\040\000d\000e\000\040\000l\000a\000\040\000C\000l\000a\000s\000e\000\040\000M\000u\000l\000t\000<\000\040\000L\000\040\000>}{chapter.2}% 29
\BOOKMARK [1][-]{section.2.15}{\376\377\0002\000.\0001\0005\000\040\000R\000e\000f\000e\000r\000e\000n\000c\000i\000a\000\040\000d\000e\000\040\000l\000a\000\040\000p\000l\000a\000n\000t\000i\000l\000l\000a\000\040\000d\000e\000\040\000l\000a\000\040\000C\000l\000a\000s\000e\000\040\000M\000V\000<\000\040\000M\000,\000\040\000L\000\040\000>}{chapter.2}% 30
\BOOKMARK [1][-]{section.2.16}{\376\377\0002\000.\0001\0006\000\040\000R\000e\000f\000e\000r\000e\000n\000c\000i\000a\000\040\000d\000e\000\040\000l\000a\000\040\000C\000l\000a\000s\000e\000\040\000S\000O\000R}{chapter.2}% 31
\BOOKMARK [1][-]{section.2.17}{\376\377\0002\000.\0001\0007\000\040\000R\000e\000f\000e\000r\000e\000n\000c\000i\000a\000\040\000d\000e\000\040\000l\000a\000\040\000p\000l\000a\000n\000t\000i\000l\000l\000a\000\040\000d\000e\000\040\000l\000a\000\040\000C\000l\000a\000s\000e\000\040\000S\000u\000b\000<\000\040\000L\000,\000\040\000R\000\040\000>}{chapter.2}% 32
\BOOKMARK [1][-]{section.2.18}{\376\377\0002\000.\0001\0008\000\040\000R\000e\000f\000e\000r\000e\000n\000c\000i\000a\000\040\000d\000e\000\040\000l\000a\000\040\000C\000l\000a\000s\000e\000\040\000T\000i\000m\000e\000r}{chapter.2}% 33
\BOOKMARK [1][-]{section.2.19}{\376\377\0002\000.\0001\0009\000\040\000R\000e\000f\000e\000r\000e\000n\000c\000i\000a\000\040\000d\000e\000\040\000l\000a\000\040\000C\000l\000a\000s\000e\000\040\000V\000e\000c\000t\000o\000r}{chapter.2}% 34
\BOOKMARK [0][-]{section*.25}{\376\377\000\315\000n\000d\000i\000c\000e}{}% 35
